#
# A fatal error has been detected by the Java Runtime Environment:
#
#  SIGSEGV (0xb) at pc=0x00007f4ee5514c54, pid=31094, tid=31129
#
# JRE version: OpenJDK Runtime Environment Temurin-17.0.2+8 (17.0.2+8) (build 17.0.2+8)
# Java VM: OpenJDK 64-Bit Server VM Temurin-17.0.2+8 (17.0.2+8, mixed mode, tiered, compressed oops, compressed class ptrs, g1 gc, linux-amd64)
# Problematic frame:
# V  [libjvm.so+0x714c54]  G1PrepareEvacuationTask::G1PrepareRegionsClosure::do_heap_region(HeapRegion*)+0x44
#
# Core dump will be written. Default location: Core dumps may be processed with "/usr/share/apport/apport %p %s %c %d %P %E" (or dumping to /home/meaculpa/prog/java/java_project/restful-web-services/core.31094)
#
# If you would like to submit a bug report, please visit:
#   https://github.com/adoptium/adoptium-support/issues
#

---------------  S U M M A R Y ------------

Command Line: -Dfile.encoding=UTF-8 -XX:+ShowCodeDetailsInExceptionMessages com.project.rest.webservices.restfulwebservices.RestfulWebServicesApplication

Host: AMD Ryzen 5 3550H with Radeon Vega Mobile Gfx, 8 cores, 5G, Pop!_OS 22.04 LTS
Time: Fri Apr 29 21:04:30 2022 +06 elapsed time: 2084.434475 seconds (0d 0h 34m 44s)

---------------  T H R E A D  ---------------

Current thread (0x00007f4eb0007d80):  GCTaskThread "GC Thread#4" [stack: 0x00007f4e82f00000,0x00007f4e83000000] [id=31129]

Stack: [0x00007f4e82f00000,0x00007f4e83000000],  sp=0x00007f4e82ffec50,  free space=1019k
Native frames: (J=compiled Java code, j=interpreted, Vv=VM code, C=native code)
V  [libjvm.so+0x714c54]  G1PrepareEvacuationTask::G1PrepareRegionsClosure::do_heap_region(HeapRegion*)+0x44
V  [libjvm.so+0x801b49]  HeapRegionManager::par_iterate(HeapRegionClosure*, HeapRegionClaimer*, unsigned int) const+0x99
V  [libjvm.so+0x7134a2]  G1PrepareEvacuationTask::work(unsigned int)+0x52
V  [libjvm.so+0xfb005c]  GangWorker::loop()+0x5c
V  [libjvm.so+0xfb00ae]
V  [libjvm.so+0xf062e2]  Thread::call_run()+0xe2
V  [libjvm.so+0xc40b81]  thread_native_entry(Thread*)+0xe1


siginfo: si_signo: 11 (SIGSEGV), si_code: 1 (SEGV_MAPERR), si_addr: 0x00000000000000f0

Register to memory mapping:

RAX=0x00007f4ee0037fe0 points into unknown readable memory: 0x00007f4ee6391908 | 08 19 39 e6 4e 7f 00 00
RBX=0x00007f4ee00916c0 points into unknown readable memory: 0x0000000000000000 | 00 00 00 00 00 00 00 00
RCX=0x0 is NULL
RDX=0x0 is NULL
RSP=0x00007f4e82ffec50 points into unknown readable memory: 0x00007f4e82ffecb0 | b0 ec ff 82 4e 7f 00 00
RBP=0x00007f4e82ffeca0 points into unknown readable memory: 0x00007f4e82ffecf0 | f0 ec ff 82 4e 7f 00 00
RSI=0x00007f4ee00916c0 points into unknown readable memory: 0x0000000000000000 | 00 00 00 00 00 00 00 00
RDI=0x00007f4ee00543f0 points into unknown readable memory: 0x00007f4ee0054450 | 50 44 05 e0 4e 7f 00 00
R8 =0x00007f4ec93252e0 points into unknown readable memory: 0x0000005c00000008 | 08 00 00 00 5c 00 00 00
R9 =0x00007f4e82ffed00 points into unknown readable memory: 0x00007f4ee62f08b8 | b8 08 2f e6 4e 7f 00 00
R10=0x0 is NULL
R11=0x0000000000000246 is an unknown value
R12=0x00007f4e82ffed00 points into unknown readable memory: 0x00007f4ee62f08b8 | b8 08 2f e6 4e 7f 00 00
R13=0x00007f4ee0038110 points into unknown readable memory: 0x00007f4ee004e4d0 | d0 e4 04 e0 4e 7f 00 00
R14=0x0000000000000001 is an unknown value
R15=0x000000000000007e is an unknown value


Registers:
RAX=0x00007f4ee0037fe0, RBX=0x00007f4ee00916c0, RCX=0x0000000000000000, RDX=0x0000000000000000
RSP=0x00007f4e82ffec50, RBP=0x00007f4e82ffeca0, RSI=0x00007f4ee00916c0, RDI=0x00007f4ee00543f0
R8 =0x00007f4ec93252e0, R9 =0x00007f4e82ffed00, R10=0x0000000000000000, R11=0x0000000000000246
R12=0x00007f4e82ffed00, R13=0x00007f4ee0038110, R14=0x0000000000000001, R15=0x000000000000007e
RIP=0x00007f4ee5514c54, EFLAGS=0x0000000000010293, CSGSFS=0x002b000000000033, ERR=0x0000000000000004
  TRAPNO=0x000000000000000e

Top of Stack: (sp=0x00007f4e82ffec50)
0x00007f4e82ffec50:   00007f4e82ffecb0 00007f4ee63eb480
0x00007f4e82ffec60:   00007f4e82ffec80 00007f4ee561114c
0x00007f4e82ffec70:   0000000000000000 0000000000000061
0x00007f4e82ffec80:   000000000000005c 00007f4ee0038110 

Instructions: (pc=0x00007f4ee5514c54)
0x00007f4ee5514b54:   c7 85 3c ff ff ff 30 00 00 00 48 89 85 48 ff ff
0x00007f4ee5514b64:   ff e8 86 54 39 00 c9 c3 0f 1f 40 00 55 48 89 e5
0x00007f4ee5514b74:   48 81 ec d0 00 00 00 84 c0 48 89 b5 58 ff ff ff
0x00007f4ee5514b84:   48 89 95 60 ff ff ff 48 89 8d 68 ff ff ff 4c 89
0x00007f4ee5514b94:   85 70 ff ff ff 4c 89 8d 78 ff ff ff 74 20 0f 29
0x00007f4ee5514ba4:   45 80 0f 29 4d 90 0f 29 55 a0 0f 29 5d b0 0f 29
0x00007f4ee5514bb4:   65 c0 0f 29 6d d0 0f 29 75 e0 0f 29 7d f0 48 8d
0x00007f4ee5514bc4:   45 10 48 8d 8d 38 ff ff ff 48 89 fa 48 8d 3d 29
0x00007f4ee5514bd4:   1a ed 00 be 02 00 00 00 48 89 85 40 ff ff ff 48
0x00007f4ee5514be4:   8d 85 50 ff ff ff c7 85 38 ff ff ff 08 00 00 00
0x00007f4ee5514bf4:   c7 85 3c ff ff ff 30 00 00 00 48 89 85 48 ff ff
0x00007f4ee5514c04:   ff e8 e6 53 39 00 c9 c3 0f 1f 40 00 55 48 89 e5
0x00007f4ee5514c14:   41 57 41 56 41 55 41 54 49 89 fc 53 48 89 f3 48
0x00007f4ee5514c24:   83 ec 28 48 8b 47 10 48 8b b8 c0 04 00 00 e8 a9
0x00007f4ee5514c34:   fe 05 00 8b 83 bc 00 00 00 83 f8 0c 74 3e 48 8b
0x00007f4ee5514c44:   8b b0 00 00 00 49 8b 44 24 10 8b 93 b8 00 00 00
0x00007f4ee5514c54:   8b b9 f0 00 00 00 48 8b 80 70 05 00 00 85 ff 0f
0x00007f4ee5514c64:   95 04 50 48 8d 65 d8 31 c0 5b 41 5c 41 5d 41 5e
0x00007f4ee5514c74:   41 5f 5d c3 0f 1f 84 00 00 00 00 00 44 8b b3 b8
0x00007f4ee5514c84:   00 00 00 48 8b 13 48 3b 93 e0 00 00 00 49 8b 7c
0x00007f4ee5514c94:   24 10 4d 89 f5 0f 82 49 01 00 00 48 8b 83 b0 00
0x00007f4ee5514ca4:   00 00 83 b8 f0 00 00 00 02 0f 84 a5 01 00 00 48
0x00007f4ee5514cb4:   8b 87 70 03 00 00 42 c6 04 30 00 48 8b 8b b0 00
0x00007f4ee5514cc4:   00 00 49 8b 44 24 10 8b 93 b8 00 00 00 8b 89 f0
0x00007f4ee5514cd4:   00 00 00 48 8b 80 70 05 00 00 85 c9 0f 95 04 50
0x00007f4ee5514ce4:   48 83 3d 4c 19 ed 00 00 0f 84 e5 00 00 00 48 8d
0x00007f4ee5514cf4:   15 34 33 ed 00 48 8b 03 80 3a 00 0f 84 43 01 00
0x00007f4ee5514d04:   00 48 8d 35 14 c6 e8 00 8b 50 08 8b 4e 08 48 d3
0x00007f4ee5514d14:   e2 48 03 16 45 31 c0 81 7a 08 ff ff ff bf 49 8b
0x00007f4ee5514d24:   54 24 10 48 8b 8a 70 03 00 00 48 8b 92 c8 04 00
0x00007f4ee5514d34:   00 41 0f 97 c0 44 89 45 bc 48 8b 92 98 00 00 00
0x00007f4ee5514d44:   46 0f b6 3c 31 45 31 f6 48 2b 42 08 8b 4a 18 48 


Stack slot to memory mapping:
stack at sp + 0 slots: 0x00007f4e82ffecb0 points into unknown readable memory: 0x00007f4ec93252e0 | e0 52 32 c9 4e 7f 00 00
stack at sp + 1 slots: 0x00007f4ee63eb480: <offset 0x00000000015eb480> in /home/meaculpa/eclipse/plugins/org.eclipse.justj.openjdk.hotspot.jre.full.linux.x86_64_17.0.2.v20220201-1208/jre/lib/server/libjvm.so at 0x00007f4ee4e00000
stack at sp + 2 slots: 0x00007f4e82ffec80 points into unknown readable memory: 0x000000000000005c | 5c 00 00 00 00 00 00 00
stack at sp + 3 slots: 0x00007f4ee561114c: <offset 0x000000000081114c> in /home/meaculpa/eclipse/plugins/org.eclipse.justj.openjdk.hotspot.jre.full.linux.x86_64_17.0.2.v20220201-1208/jre/lib/server/libjvm.so at 0x00007f4ee4e00000
stack at sp + 4 slots: 0x0 is NULL
stack at sp + 5 slots: 0x0000000000000061 is an unknown value
stack at sp + 6 slots: 0x000000000000005c is an unknown value
stack at sp + 7 slots: 0x00007f4ee0038110 points into unknown readable memory: 0x00007f4ee004e4d0 | d0 e4 04 e0 4e 7f 00 00


---------------  P R O C E S S  ---------------

Threads class SMR info:
_java_thread_list=0x00007f4e1c000c40, length=29, elements={
0x00007f4ee015f810, 0x00007f4ee0160e60, 0x00007f4ee0185f60, 0x00007f4ee0187310,
0x00007f4ee0188720, 0x00007f4ee0189da0, 0x00007f4ee018b280, 0x00007f4ee018c6f0,
0x00007f4ee022d900, 0x00007f4ee0235290, 0x00007f4e70ead8c0, 0x00007f4ee0025830,
0x00007f4e480174a0, 0x00007f4e480137c0, 0x00007f4e4801ae90, 0x00007f4e4801b5a0,
0x00007f4e480203a0, 0x00007f4e48020d00, 0x00007f4e48021710, 0x00007f4e48022150,
0x00007f4e48022b90, 0x00007f4e48025ad0, 0x00007f4e480265f0, 0x00007f4e48027100,
0x00007f4e48027a60, 0x00007f4e480284b0, 0x00007f4e48028ff0, 0x00007f4e4802cb40,
0x00007f4e4802d480
}

Java Threads: ( => current thread )
  0x00007f4ee015f810 JavaThread "Reference Handler" daemon [_thread_blocked, id=31113, stack(0x00007f4ec9125000,0x00007f4ec9225000)]
  0x00007f4ee0160e60 JavaThread "Finalizer" daemon [_thread_blocked, id=31114, stack(0x00007f4ec9025000,0x00007f4ec9125000)]
  0x00007f4ee0185f60 JavaThread "Signal Dispatcher" daemon [_thread_blocked, id=31115, stack(0x00007f4ec8700000,0x00007f4ec8800000)]
  0x00007f4ee0187310 JavaThread "Service Thread" daemon [_thread_blocked, id=31116, stack(0x00007f4ec8300000,0x00007f4ec8400000)]
  0x00007f4ee0188720 JavaThread "Monitor Deflation Thread" daemon [_thread_blocked, id=31117, stack(0x00007f4ec8200000,0x00007f4ec8300000)]
  0x00007f4ee0189da0 JavaThread "C2 CompilerThread0" daemon [_thread_blocked, id=31118, stack(0x00007f4ec8100000,0x00007f4ec8200000)]
  0x00007f4ee018b280 JavaThread "C1 CompilerThread0" daemon [_thread_blocked, id=31119, stack(0x00007f4ec8000000,0x00007f4ec8100000)]
  0x00007f4ee018c6f0 JavaThread "Sweeper thread" daemon [_thread_blocked, id=31120, stack(0x00007f4eb8ffa000,0x00007f4eb90fa000)]
  0x00007f4ee022d900 JavaThread "Notification Thread" daemon [_thread_blocked, id=31121, stack(0x00007f4eb8efa000,0x00007f4eb8ffa000)]
  0x00007f4ee0235290 JavaThread "Common-Cleaner" daemon [_thread_blocked, id=31123, stack(0x00007f4eb8cf8000,0x00007f4eb8df8000)]
  0x00007f4e70ead8c0 JavaThread "Live Reload Server" daemon [_thread_in_native, id=31143, stack(0x00007f4e80200000,0x00007f4e80300000)]
  0x00007f4ee0025830 JavaThread "DestroyJavaVM" [_thread_blocked, id=31106, stack(0x00007f4ee4d00000,0x00007f4ee4e00000)]
  0x00007f4e480174a0 JavaThread "HikariPool-2 housekeeper" daemon [_thread_blocked, id=31960, stack(0x00007f4e82bfa000,0x00007f4e82cfa000)]
  0x00007f4e480137c0 JavaThread "Catalina-utility-1" [_thread_blocked, id=31961, stack(0x00007f4e80f00000,0x00007f4e81000000)]
  0x00007f4e4801ae90 JavaThread "Catalina-utility-2" [_thread_blocked, id=31962, stack(0x00007f4e80e00000,0x00007f4e80f00000)]
  0x00007f4e4801b5a0 JavaThread "container-0" [_thread_blocked, id=31963, stack(0x00007f4e3fb00000,0x00007f4e3fc00000)]
  0x00007f4e480203a0 JavaThread "File Watcher" daemon [_thread_blocked, id=31965, stack(0x00007f4e80300000,0x00007f4e80400000)]
  0x00007f4e48020d00 JavaThread "http-nio-8080-exec-1" daemon [_thread_blocked, id=31966, stack(0x00007f4e3ff00000,0x00007f4e40000000)]
  0x00007f4e48021710 JavaThread "http-nio-8080-exec-2" daemon [_thread_blocked, id=31967, stack(0x00007f4e80100000,0x00007f4e80200000)]
  0x00007f4e48022150 JavaThread "http-nio-8080-exec-3" daemon [_thread_blocked, id=31968, stack(0x00007f4e3f600000,0x00007f4e3f700000)]
  0x00007f4e48022b90 JavaThread "http-nio-8080-exec-4" daemon [_thread_blocked, id=31969, stack(0x00007f4e80000000,0x00007f4e80100000)]
  0x00007f4e48025ad0 JavaThread "http-nio-8080-exec-5" daemon [_thread_blocked, id=31970, stack(0x00007f4e3f900000,0x00007f4e3fa00000)]
  0x00007f4e480265f0 JavaThread "http-nio-8080-exec-6" daemon [_thread_blocked, id=31971, stack(0x00007f4e3fa00000,0x00007f4e3fb00000)]
  0x00007f4e48027100 JavaThread "http-nio-8080-exec-7" daemon [_thread_blocked, id=31972, stack(0x00007f4e3f700000,0x00007f4e3f800000)]
  0x00007f4e48027a60 JavaThread "http-nio-8080-exec-8" daemon [_thread_blocked, id=31973, stack(0x00007f4e3f500000,0x00007f4e3f600000)]
  0x00007f4e480284b0 JavaThread "http-nio-8080-exec-9" daemon [_thread_blocked, id=31974, stack(0x00007f4e3f400000,0x00007f4e3f500000)]
  0x00007f4e48028ff0 JavaThread "http-nio-8080-exec-10" daemon [_thread_blocked, id=31975, stack(0x00007f4e80c00000,0x00007f4e80d00000)]
  0x00007f4e4802cb40 JavaThread "http-nio-8080-Poller" daemon [_thread_in_native, id=31976, stack(0x00007f4eb8900000,0x00007f4eb8a00000)]
  0x00007f4e4802d480 JavaThread "http-nio-8080-Acceptor" daemon [_thread_in_native, id=31977, stack(0x00007f4eb8500000,0x00007f4eb8600000)]

Other Threads:
  0x00007f4ee010fe30 VMThread "VM Thread" [stack: 0x00007f4ec9227000,0x00007f4ec9327000] [id=31112]
  0x00007f4ee01b9f40 WatcherThread [stack: 0x00007f4eb8dfa000,0x00007f4eb8efa000] [id=31122]
  0x00007f4ee005d140 GCTaskThread "GC Thread#0" [stack: 0x00007f4ec9f39000,0x00007f4eca039000] [id=31107]
  0x00007f4eb0005ef0 GCTaskThread "GC Thread#1" [stack: 0x00007f4eb8100000,0x00007f4eb8200000] [id=31126]
  0x00007f4eb0006920 GCTaskThread "GC Thread#2" [stack: 0x00007f4e83700000,0x00007f4e83800000] [id=31127]
  0x00007f4eb0007350 GCTaskThread "GC Thread#3" [stack: 0x00007f4e83300000,0x00007f4e83400000] [id=31128]
=>0x00007f4eb0007d80 GCTaskThread "GC Thread#4" [stack: 0x00007f4e82f00000,0x00007f4e83000000] [id=31129]
  0x00007f4eb00087b0 GCTaskThread "GC Thread#5" [stack: 0x00007f4e82dfe000,0x00007f4e82efe000] [id=31130]
  0x00007f4eb000ddd0 GCTaskThread "GC Thread#6" [stack: 0x00007f4e82cfc000,0x00007f4e82dfc000] [id=31131]
  0x00007f4eb000c520 GCTaskThread "GC Thread#7" [stack: 0x00007f4e82afa000,0x00007f4e82bfa000] [id=31133]
  0x00007f4ee0069ec0 ConcurrentGCThread "G1 Main Marker" [stack: 0x00007f4ec9e37000,0x00007f4ec9f37000] [id=31108]
  0x00007f4ee006ae20 ConcurrentGCThread "G1 Conc#0" [stack: 0x00007f4ec9d35000,0x00007f4ec9e35000] [id=31109]
  0x00007f4ebc000eb0 ConcurrentGCThread "G1 Conc#1" [stack: 0x00007f4e829f8000,0x00007f4e82af8000] [id=31134]
  0x00007f4ee00cb3b0 ConcurrentGCThread "G1 Refine#0" [stack: 0x00007f4ec942b000,0x00007f4ec952b000] [id=31110]
  0x00007f4ee00cc2a0 ConcurrentGCThread "G1 Service" [stack: 0x00007f4ec9329000,0x00007f4ec9429000] [id=31111]

Threads with active compile tasks:

VM state: at safepoint (normal execution)

VM Mutex/Monitor currently owned by a thread:  ([mutex/lock_event])
[0x00007f4ee0022970] Threads_lock - owner thread: 0x00007f4ee010fe30
[0x00007f4ee0023120] Heap_lock - owner thread: 0x00007f4e480203a0

Heap address: 0x00000000a4400000, size: 1468 MB, Compressed Oops mode: 32-bit

CDS archive(s) not mapped
Compressed class space mapped at: 0x0000000100000000-0x0000000140000000, reserved size: 1073741824
Narrow klass base: 0x0000000000000000, Narrow klass shift: 3, Narrow klass range: 0x140000000

GC Precious Log:
 CPUs: 8 total, 8 available
 Memory: 5869M
 Large Page Support: Disabled
 NUMA Support: Disabled
 Compressed Oops: Enabled (32-bit)
 Heap Region Size: 1M
 Heap Min Capacity: 8M
 Heap Initial Capacity: 92M
 Heap Max Capacity: 1468M
 Pre-touch: Disabled
 Parallel Workers: 8
 Concurrent Workers: 2
 Concurrent Refinement Workers: 8
 Periodic GC: Disabled

Heap:
 garbage-first heap   total 50176K, used 37786K [0x00000000a4400000, 0x0000000100000000)
  region size 1024K, 16 young (16384K), 0 survivors (0K)
 Metaspace       used 56754K, committed 57152K, reserved 1105920K
  class space    used 6992K, committed 7168K, reserved 1048576K

Heap Regions: E=young(eden), S=young(survivor), O=old, HS=humongous(starts), HC=humongous(continues), CS=collection set, F=free, OA=open archive, CA=closed archive, TAMS=top-at-mark-start (previous, next)
|   0|0x00000000a4400000, 0x00000000a4500000, 0x00000000a4500000|100%|HS|  |TAMS 0x00000000a4500000, 0x00000000a4400000| Untracked 
|   1|0x00000000a4500000, 0x00000000a4600000, 0x00000000a4600000|100%| O|  |TAMS 0x00000000a4600000, 0x00000000a4500000| Untracked 
|   2|0x00000000a4600000, 0x00000000a4700000, 0x00000000a4700000|100%| O|  |TAMS 0x00000000a4700000, 0x00000000a4600000| Untracked 
|   3|0x00000000a4700000, 0x00000000a4800000, 0x00000000a4800000|100%| O|  |TAMS 0x00000000a4700000, 0x00000000a4700000| Untracked 
|   4|0x00000000a4800000, 0x00000000a4900000, 0x00000000a4900000|100%| O|  |TAMS 0x00000000a4900000, 0x00000000a4800000| Untracked 
|   0|0x0000000000000000, 0x0000000000000000, 0x0000000000000000|-2147483648%| F|  
[error occurred during error reporting (printing heap information), id 0xb, SIGSEGV (0xb) at pc=0x00007f4ee55f9c2b]

Metaspace:

Usage:
  Non-class:     48.60 MB used.
      Class:      6.83 MB used.
       Both:     55.42 MB used.

Virtual space:
  Non-class space:       56.00 MB reserved,      48.81 MB ( 87%) committed,  7 nodes.
      Class space:        1.00 GB reserved,       7.00 MB ( <1%) committed,  1 nodes.
             Both:        1.05 GB reserved,      55.81 MB (  5%) committed. 

Chunk freelists:
   Non-Class:  2.91 MB
       Class:  992.00 KB
        Both:  3.88 MB

MaxMetaspaceSize: unlimited
CompressedClassSpaceSize: 1.00 GB
Initial GC threshold: 21.00 MB
Current GC threshold: 91.81 MB
CDS: off
MetaspaceReclaimPolicy: balanced
 - commit_granule_bytes: 65536.
 - commit_granule_words: 8192.
 - virtual_space_node_default_size: 1048576.
 - enlarge_chunks_in_place: 1.
 - new_chunks_are_fully_committed: 0.
 - uncommit_free_chunks: 1.
 - use_allocation_guard: 0.
 - handle_deallocations: 1.


Internal statistics:

num_allocs_failed_limit: 9.
num_arena_births: 382.
num_arena_deaths: 0.
num_vsnodes_births: 8.
num_vsnodes_deaths: 0.
num_space_committed: 893.
num_space_uncommitted: 0.
num_chunks_returned_to_freelist: 9.
num_chunks_taken_from_freelist: 2132.
num_chunk_merges: 9.
num_chunk_splits: 1505.
num_chunks_enlarged: 1169.
num_purges: 2.
num_inconsistent_stats: 0.

CodeHeap 'non-profiled nmethods': size=120028Kb used=2416Kb max_used=2416Kb free=117611Kb
 bounds [0x00007f4ed547f000, 0x00007f4ed56ef000, 0x00007f4edc9b6000]
CodeHeap 'profiled nmethods': size=120028Kb used=9985Kb max_used=9985Kb free=110042Kb
 bounds [0x00007f4ecdf48000, 0x00007f4ece918000, 0x00007f4ed547f000]
CodeHeap 'non-nmethods': size=5704Kb used=1258Kb max_used=1301Kb free=4445Kb
 bounds [0x00007f4ecd9b6000, 0x00007f4ecdc26000, 0x00007f4ecdf48000]
 total_blobs=5529 nmethods=4950 adapters=492
 compilation: enabled
              stopped_count=0, restarted_count=0
 full_count=0

Compilation events (20 events):
Event: 1705.909 Thread 0x00007f4ee0189da0 5072       4       java.util.concurrent.locks.AbstractQueuedSynchronizer$ConditionNode::isReleasable (23 bytes)
Event: 1705.910 Thread 0x00007f4ee0189da0 nmethod 5072 0x00007f4ed56d9210 code [0x00007f4ed56d9380, 0x00007f4ed56d9418]
Event: 1834.839 Thread 0x00007f4ee0189da0 5073       4       java.util.concurrent.locks.AbstractQueuedSynchronizer$ConditionObject::enableWait (84 bytes)
Event: 1834.853 Thread 0x00007f4ee0189da0 nmethod 5073 0x00007f4ed56d9510 code [0x00007f4ed56d96c0, 0x00007f4ed56d9c08]
Event: 1860.770 Thread 0x00007f4ee018b280 5074       1       com.zaxxer.hikari.pool.HikariPool::access$400 (5 bytes)
Event: 1860.777 Thread 0x00007f4ee018b280 nmethod 5074 0x00007f4ed56d9e90 code [0x00007f4ed56da020, 0x00007f4ed56da0d0]
Event: 1933.839 Thread 0x00007f4ee018b280 5075       3       java.util.concurrent.locks.AbstractQueuedSynchronizer::acquireInterruptibly (36 bytes)
Event: 1933.845 Thread 0x00007f4ee018b280 nmethod 5075 0x00007f4ece906610 code [0x00007f4ece906800, 0x00007f4ece906cb0]
Event: 1950.718 Thread 0x00007f4ee018b280 5076       3       java.util.TreeMap::addEntryToEmptyMap (37 bytes)
Event: 1950.720 Thread 0x00007f4ee018b280 nmethod 5076 0x00007f4ece906e10 code [0x00007f4ece907000, 0x00007f4ece9076b0]
Event: 1970.719 Thread 0x00007f4ee018b280 5077       3       java.util.TreeSet::iterator (15 bytes)
Event: 1970.720 Thread 0x00007f4ee018b280 nmethod 5077 0x00007f4ece907890 code [0x00007f4ece907a40, 0x00007f4ece907cd0]
Event: 1970.720 Thread 0x00007f4ee018b280 5078       3       java.util.TreeMap::navigableKeySet (27 bytes)
Event: 1970.721 Thread 0x00007f4ee018b280 nmethod 5078 0x00007f4ece907e10 code [0x00007f4ece907fe0, 0x00007f4ece9083d0]
Event: 1998.712 Thread 0x00007f4ee0189da0 5079       4       java.util.HashMap$HashIterator::<init> (79 bytes)
Event: 1998.717 Thread 0x00007f4ee0189da0 nmethod 5079 0x00007f4ed56da190 code [0x00007f4ed56da320, 0x00007f4ed56da6d8]
Event: 2024.737 Thread 0x00007f4ee0189da0 5080       4       java.util.HashMap$EntrySet::iterator (12 bytes)
Event: 2024.746 Thread 0x00007f4ee0189da0 nmethod 5080 0x00007f4ed56da810 code [0x00007f4ed56da9a0, 0x00007f4ed56dac38]
Event: 2026.740 Thread 0x00007f4ee0189da0 5081       4       java.util.HashMap::entrySet (27 bytes)
Event: 2026.743 Thread 0x00007f4ee0189da0 nmethod 5081 0x00007f4ed56dae10 code [0x00007f4ed56dafa0, 0x00007f4ed56db158]

GC Heap History (20 events):
Event: 2.343 GC heap after
{Heap after GC invocations=8 (full 0):
 garbage-first heap   total 34816K, used 13043K [0x00000000a4400000, 0x0000000100000000)
  region size 1024K, 2 young (2048K), 2 survivors (2048K)
 Metaspace       used 31140K, committed 31360K, reserved 1081344K
  class space    used 3669K, committed 3776K, reserved 1048576K
}
Event: 2.554 GC heap before
{Heap before GC invocations=8 (full 0):
 garbage-first heap   total 34816K, used 25331K [0x00000000a4400000, 0x0000000100000000)
  region size 1024K, 15 young (15360K), 2 survivors (2048K)
 Metaspace       used 34283K, committed 34560K, reserved 1081344K
  class space    used 4003K, committed 4160K, reserved 1048576K
}
Event: 2.558 GC heap after
{Heap after GC invocations=9 (full 0):
 garbage-first heap   total 34816K, used 14864K [0x00000000a4400000, 0x0000000100000000)
  region size 1024K, 2 young (2048K), 2 survivors (2048K)
 Metaspace       used 34283K, committed 34560K, reserved 1081344K
  class space    used 4003K, committed 4160K, reserved 1048576K
}
Event: 2.687 GC heap before
{Heap before GC invocations=9 (full 0):
 garbage-first heap   total 34816K, used 23056K [0x00000000a4400000, 0x0000000100000000)
  region size 1024K, 11 young (11264K), 2 survivors (2048K)
 Metaspace       used 35849K, committed 36096K, reserved 1081344K
  class space    used 4175K, committed 4288K, reserved 1048576K
}
Event: 2.690 GC heap after
{Heap after GC invocations=10 (full 0):
 garbage-first heap   total 50176K, used 15622K [0x00000000a4400000, 0x0000000100000000)
  region size 1024K, 1 young (1024K), 1 survivors (1024K)
 Metaspace       used 35849K, committed 36096K, reserved 1081344K
  class space    used 4175K, committed 4288K, reserved 1048576K
}
Event: 3.074 GC heap before
{Heap before GC invocations=11 (full 0):
 garbage-first heap   total 50176K, used 36102K [0x00000000a4400000, 0x0000000100000000)
  region size 1024K, 21 young (21504K), 1 survivors (1024K)
 Metaspace       used 41145K, committed 41472K, reserved 1089536K
  class space    used 4814K, committed 4992K, reserved 1048576K
}
Event: 3.077 GC heap after
{Heap after GC invocations=12 (full 0):
 garbage-first heap   total 50176K, used 17181K [0x00000000a4400000, 0x0000000100000000)
  region size 1024K, 3 young (3072K), 3 survivors (3072K)
 Metaspace       used 41145K, committed 41472K, reserved 1089536K
  class space    used 4814K, committed 4992K, reserved 1048576K
}
Event: 3.454 GC heap before
{Heap before GC invocations=13 (full 0):
 garbage-first heap   total 50176K, used 36637K [0x00000000a4400000, 0x0000000100000000)
  region size 1024K, 22 young (22528K), 3 survivors (3072K)
 Metaspace       used 46429K, committed 46784K, reserved 1089536K
  class space    used 5769K, committed 5952K, reserved 1048576K
}
Event: 3.457 GC heap after
{Heap after GC invocations=14 (full 0):
 garbage-first heap   total 50176K, used 18098K [0x00000000a4400000, 0x0000000100000000)
  region size 1024K, 3 young (3072K), 3 survivors (3072K)
 Metaspace       used 46429K, committed 46784K, reserved 1089536K
  class space    used 5769K, committed 5952K, reserved 1048576K
}
Event: 3.797 GC heap before
{Heap before GC invocations=14 (full 0):
 garbage-first heap   total 50176K, used 37554K [0x00000000a4400000, 0x0000000100000000)
  region size 1024K, 22 young (22528K), 3 survivors (3072K)
 Metaspace       used 50293K, committed 50624K, reserved 1097728K
  class space    used 6273K, committed 6464K, reserved 1048576K
}
Event: 3.801 GC heap after
{Heap after GC invocations=15 (full 0):
 garbage-first heap   total 50176K, used 19942K [0x00000000a4400000, 0x0000000100000000)
  region size 1024K, 3 young (3072K), 3 survivors (3072K)
 Metaspace       used 50293K, committed 50624K, reserved 1097728K
  class space    used 6273K, committed 6464K, reserved 1048576K
}
Event: 10.324 GC heap before
{Heap before GC invocations=15 (full 0):
 garbage-first heap   total 50176K, used 38374K [0x00000000a4400000, 0x0000000100000000)
  region size 1024K, 21 young (21504K), 3 survivors (3072K)
 Metaspace       used 53521K, committed 53824K, reserved 1097728K
  class space    used 6672K, committed 6784K, reserved 1048576K
}
Event: 10.328 GC heap after
{Heap after GC invocations=16 (full 0):
 garbage-first heap   total 50176K, used 21676K [0x00000000a4400000, 0x0000000100000000)
  region size 1024K, 2 young (2048K), 2 survivors (2048K)
 Metaspace       used 53521K, committed 53824K, reserved 1097728K
  class space    used 6672K, committed 6784K, reserved 1048576K
}
Event: 840.235 GC heap before
{Heap before GC invocations=16 (full 0):
 garbage-first heap   total 50176K, used 37036K [0x00000000a4400000, 0x0000000100000000)
  region size 1024K, 18 young (18432K), 2 survivors (2048K)
 Metaspace       used 56086K, committed 56384K, reserved 1105920K
  class space    used 6951K, committed 7104K, reserved 1048576K
}
Event: 840.264 GC heap after
{Heap after GC invocations=17 (full 1):
 garbage-first heap   total 50176K, used 17974K [0x00000000a4400000, 0x0000000100000000)
  region size 1024K, 0 young (0K), 0 survivors (0K)
 Metaspace       used 56086K, committed 56384K, reserved 1105920K
  class space    used 6951K, committed 7104K, reserved 1048576K
}
Event: 840.568 GC heap before
{Heap before GC invocations=17 (full 1):
 garbage-first heap   total 50176K, used 37430K [0x00000000a4400000, 0x0000000100000000)
  region size 1024K, 19 young (19456K), 0 survivors (0K)
 Metaspace       used 56194K, committed 56512K, reserved 1105920K
  class space    used 6957K, committed 7104K, reserved 1048576K
}
Event: 840.570 GC heap after
{Heap after GC invocations=18 (full 1):
 garbage-first heap   total 50176K, used 19665K [0x00000000a4400000, 0x0000000100000000)
  region size 1024K, 2 young (2048K), 2 survivors (2048K)
 Metaspace       used 56194K, committed 56512K, reserved 1105920K
  class space    used 6957K, committed 7104K, reserved 1048576K
}
Event: 840.780 GC heap before
{Heap before GC invocations=18 (full 1):
 garbage-first heap   total 50176K, used 38097K [0x00000000a4400000, 0x0000000100000000)
  region size 1024K, 20 young (20480K), 2 survivors (2048K)
 Metaspace       used 56481K, committed 56896K, reserved 1105920K
  class space    used 6962K, committed 7168K, reserved 1048576K
}
Event: 840.783 GC heap after
{Heap after GC invocations=19 (full 1):
 garbage-first heap   total 50176K, used 21402K [0x00000000a4400000, 0x0000000100000000)
  region size 1024K, 3 young (3072K), 3 survivors (3072K)
 Metaspace       used 56481K, committed 56896K, reserved 1105920K
  class space    used 6962K, committed 7168K, reserved 1048576K
}
Event: 2084.402 GC heap before
{Heap before GC invocations=19 (full 1):
 garbage-first heap   total 50176K, used 37786K [0x00000000a4400000, 0x0000000100000000)
  region size 1024K, 19 young (19456K), 3 survivors (3072K)
 Metaspace       used 56754K, committed 57152K, reserved 1105920K
  class space    used 6992K, committed 7168K, reserved 1048576K
}

Deoptimization events (20 events):
Event: 840.519 Thread 0x00007f4e4402e400 DEOPT PACKING pc=0x00007f4ece78cb78 sp=0x00007f4e829f2c70
Event: 840.519 Thread 0x00007f4e4402e400 DEOPT UNPACKING pc=0x00007f4ecda0882f sp=0x00007f4e829f21a8 mode 0
Event: 840.567 Thread 0x00007f4e4402e400 DEOPT PACKING pc=0x00007f4ece78cb78 sp=0x00007f4e829f2640
Event: 840.567 Thread 0x00007f4e4402e400 DEOPT UNPACKING pc=0x00007f4ecda0882f sp=0x00007f4e829f1b78 mode 0
Event: 840.609 Thread 0x00007f4e4402e400 DEOPT PACKING pc=0x00007f4ece61fde0 sp=0x00007f4e829efa30
Event: 840.609 Thread 0x00007f4e4402e400 DEOPT UNPACKING pc=0x00007f4ecda0882f sp=0x00007f4e829eef28 mode 0
Event: 840.656 Thread 0x00007f4e4402e400 DEOPT PACKING pc=0x00007f4ece24983c sp=0x00007f4e829f02b0
Event: 840.656 Thread 0x00007f4e4402e400 DEOPT UNPACKING pc=0x00007f4ecda0882f sp=0x00007f4e829ef748 mode 0
Event: 840.693 Thread 0x00007f4e4402e400 Uncommon trap: trap_request=0xffffff45 fr.pc=0x00007f4ed55b25bc relative=0x0000000000001ddc
Event: 840.693 Thread 0x00007f4e4402e400 Uncommon trap: reason=unstable_if action=reinterpret pc=0x00007f4ed55b25bc method=java.net.URL.<init>(Ljava/net/URL;Ljava/lang/String;Ljava/net/URLStreamHandler;)V @ 57 c2
Event: 840.693 Thread 0x00007f4e4402e400 DEOPT PACKING pc=0x00007f4ed55b25bc sp=0x00007f4e829f2f20
Event: 840.693 Thread 0x00007f4e4402e400 DEOPT UNPACKING pc=0x00007f4ecda08099 sp=0x00007f4e829f2ee0 mode 2
Event: 840.767 Thread 0x00007f4e4402e400 DEOPT PACKING pc=0x00007f4ece631bed sp=0x00007f4e829f3180
Event: 840.767 Thread 0x00007f4e4402e400 DEOPT UNPACKING pc=0x00007f4ecda0882f sp=0x00007f4e829f2660 mode 0
Event: 840.803 Thread 0x00007f4e4402e400 Uncommon trap: trap_request=0xffffff45 fr.pc=0x00007f4ed569f23c relative=0x0000000000000efc
Event: 840.803 Thread 0x00007f4e4402e400 Uncommon trap: reason=unstable_if action=reinterpret pc=0x00007f4ed569f23c method=org.springframework.beans.factory.support.DefaultSingletonBeanRegistry.getSingleton(Ljava/lang/String;Z)Ljava/lang/Object; @ 39 c2
Event: 840.803 Thread 0x00007f4e4402e400 DEOPT PACKING pc=0x00007f4ed569f23c sp=0x00007f4e829f2eb0
Event: 840.803 Thread 0x00007f4e4402e400 DEOPT UNPACKING pc=0x00007f4ecda08099 sp=0x00007f4e829f2e68 mode 2
Event: 840.840 Thread 0x00007f4e4402e400 DEOPT PACKING pc=0x00007f4ece70e02e sp=0x00007f4e829f3800
Event: 840.840 Thread 0x00007f4e4402e400 DEOPT UNPACKING pc=0x00007f4ecda0882f sp=0x00007f4e829f2cf8 mode 0

Classes unloaded (0 events):
No events

Classes redefined (0 events):
No events

Internal exceptions (20 events):
Event: 3.667 Thread 0x00007f4e780064e0 Exception <a 'java/lang/ClassNotFoundException'{0x00000000a69f14d8}: org/springframework/beans/factory/AwareCustomizer> (0x00000000a69f14d8) 
thrown [src/hotspot/share/classfile/systemDictionary.cpp, line 256]
Event: 3.793 Thread 0x00007f4e780064e0 Exception <a 'java/lang/NoSuchMethodError'{0x00000000a62b7300}: 'void java.lang.invoke.DirectMethodHandle$Holder.invokeVirtual(java.lang.Object, java.lang.Object, int)'> (0x00000000a62b7300) 
thrown [src/hotspot/share/interpreter/linkResolver.cpp, line 766]
Event: 3.795 Thread 0x00007f4e780064e0 Exception <a 'java/lang/NoSuchMethodError'{0x00000000a62d1ec0}: 'void java.lang.invoke.DirectMethodHandle$Holder.invokeVirtual(java.lang.Object, java.lang.Object, long)'> (0x00000000a62d1ec0) 
thrown [src/hotspot/share/interpreter/linkResolver.cpp, line 766]
Event: 3.895 Thread 0x00007f4e780064e0 Exception <a 'java/lang/IncompatibleClassChangeError'{0x00000000a6f456b8}: Found class java.lang.Object, but interface was expected> (0x00000000a6f456b8) 
thrown [src/hotspot/share/interpreter/linkResolver.cpp, line 833]
Event: 3.924 Thread 0x00007f4e780064e0 Exception <a 'java/lang/NoSuchMethodError'{0x00000000a6ec49d0}: 'int java.lang.invoke.DirectMethodHandle$Holder.invokeStaticInit(java.lang.Object, java.lang.Object, java.lang.Object, java.lang.Object)'> (0x00000000a6ec49d0) 
thrown [src/hotspot/share/interpreter/linkResolver.cpp, line 766]
Event: 3.951 Thread 0x00007f4e780064e0 Implicit null exception at 0x00007f4ed5565b57 to 0x00007f4ed5565d90
Event: 4.013 Thread 0x00007f4e780064e0 Exception <a 'java/lang/NoSuchMethodError'{0x00000000a6810620}: 'java.lang.Object java.lang.invoke.DirectMethodHandle$Holder.invokeSpecial(java.lang.Object, java.lang.Object, int, java.lang.Object, int, java.lang.Object)'> (0x00000000a6810620) 
thrown [src/hotspot/share/interpreter/linkResolver.cpp, line 766]
Event: 4.013 Thread 0x00007f4e780064e0 Exception <a 'java/lang/NoSuchMethodError'{0x00000000a68186c8}: 'java.lang.Object java.lang.invoke.DirectMethodHandle$Holder.newInvokeSpecial(java.lang.Object, java.lang.Object, int, java.lang.Object, int)'> (0x00000000a68186c8) 
thrown [src/hotspot/share/interpreter/linkResolver.cpp, line 766]
Event: 4.013 Thread 0x00007f4e780064e0 Exception <a 'java/lang/NoSuchMethodError'{0x00000000a681c7c8}: 'java.lang.Object java.lang.invoke.DirectMethodHandle$Holder.invokeSpecial(java.lang.Object, java.lang.Object, java.lang.Object, int, java.lang.Object, int)'> (0x00000000a681c7c8) 
thrown [src/hotspot/share/interpreter/linkResolver.cpp, line 766]
Event: 4.014 Thread 0x00007f4e780064e0 Exception <a 'java/lang/NoSuchMethodError'{0x00000000a68267b0}: 'void java.lang.invoke.DirectMethodHandle$Holder.invokeVirtual(java.lang.Object, java.lang.Object)'> (0x00000000a68267b0) 
thrown [src/hotspot/share/interpreter/linkResolver.cpp, line 766]
Event: 840.000 Thread 0x00007f4e709e9c30 Exception <a 'java/lang/InterruptedException'{0x00000000a662c100}: sleep interrupted> (0x00000000a662c100) 
thrown [src/hotspot/share/prims/jvm.cpp, line 3067]
Event: 840.274 Thread 0x00007f4e4402e400 Exception <a 'sun/nio/fs/UnixException'{0x00000000a9f915a8}> (0x00000000a9f915a8) 
thrown [src/hotspot/share/prims/jni.cpp, line 516]
Event: 840.567 Thread 0x00007f4e4402e400 Exception <a 'java/lang/NoClassDefFoundError'{0x00000000a61f7150}: org/flywaydb/core/Flyway> (0x00000000a61f7150) 
thrown [src/hotspot/share/oops/constantPool.cpp, line 835]
Event: 840.567 Thread 0x00007f4e4402e400 Exception <a 'java/lang/NoClassDefFoundError'{0x00000000a61f77a0}: liquibase/integration/spring/SpringLiquibase> (0x00000000a61f77a0) 
thrown [src/hotspot/share/oops/constantPool.cpp, line 835]
Event: 840.574 Thread 0x00007f4e4402e400 Exception <a 'java/lang/NoClassDefFoundError'{0x00000000a9f45df0}: org/jooq/DSLContext> (0x00000000a9f45df0) 
thrown [src/hotspot/share/oops/constantPool.cpp, line 835]
Event: 840.575 Thread 0x00007f4e4402e400 Exception <a 'java/lang/NoClassDefFoundError'{0x00000000a9f4ef58}: org/springframework/batch/core/repository/JobRepository> (0x00000000a9f4ef58) 
thrown [src/hotspot/share/oops/constantPool.cpp, line 835]
Event: 840.575 Thread 0x00007f4e4402e400 Exception <a 'java/lang/NoClassDefFoundError'{0x00000000a9f4f5a0}: org/quartz/Scheduler> (0x00000000a9f4f5a0) 
thrown [src/hotspot/share/oops/constantPool.cpp, line 835]
Event: 840.575 Thread 0x00007f4e4402e400 Exception <a 'java/lang/NoClassDefFoundError'{0x00000000a9f4fc10}: org/springframework/session/jdbc/JdbcIndexedSessionRepository> (0x00000000a9f4fc10) 
thrown [src/hotspot/share/oops/constantPool.cpp, line 835]
Event: 840.638 Thread 0x00007f4e4402e400 Exception <a 'java/io/FileNotFoundException'{0x00000000a6f6f310}> (0x00000000a6f6f310) 
thrown [src/hotspot/share/prims/jni.cpp, line 516]
Event: 840.673 Thread 0x00007f4e4402e400 Exception <a 'java/io/FileNotFoundException'{0x00000000a6a34da8}> (0x00000000a6a34da8) 
thrown [src/hotspot/share/prims/jni.cpp, line 516]

VM Operations (20 events):
Event: 997.798 Executing VM operation: Cleanup done
Event: 1018.801 Executing VM operation: Cleanup
Event: 1018.801 Executing VM operation: Cleanup done
Event: 1039.803 Executing VM operation: Cleanup
Event: 1039.803 Executing VM operation: Cleanup done
Event: 1123.812 Executing VM operation: Cleanup
Event: 1123.812 Executing VM operation: Cleanup done
Event: 1167.817 Executing VM operation: Cleanup
Event: 1167.817 Executing VM operation: Cleanup done
Event: 1349.834 Executing VM operation: Cleanup
Event: 1349.840 Executing VM operation: Cleanup done
Event: 1436.847 Executing VM operation: Cleanup
Event: 1436.849 Executing VM operation: Cleanup done
Event: 1608.863 Executing VM operation: Cleanup
Event: 1608.869 Executing VM operation: Cleanup done
Event: 1706.877 Executing VM operation: Cleanup
Event: 1706.877 Executing VM operation: Cleanup done
Event: 1980.902 Executing VM operation: Cleanup
Event: 1980.902 Executing VM operation: Cleanup done
Event: 2084.396 Executing VM operation: G1CollectForAllocation

Events (20 events):
Event: 840.837 Protecting memory [0x00007f4e80000000,0x00007f4e80004000] with protection modes 0
Event: 840.837 Thread 0x00007f4e48025ad0 Thread added: 0x00007f4e48025ad0
Event: 840.837 Protecting memory [0x00007f4e3f900000,0x00007f4e3f904000] with protection modes 0
Event: 840.837 Thread 0x00007f4e480265f0 Thread added: 0x00007f4e480265f0
Event: 840.837 Protecting memory [0x00007f4e3fa00000,0x00007f4e3fa04000] with protection modes 0
Event: 840.838 Thread 0x00007f4e48027100 Thread added: 0x00007f4e48027100
Event: 840.838 Protecting memory [0x00007f4e3f700000,0x00007f4e3f704000] with protection modes 0
Event: 840.838 Thread 0x00007f4e48027a60 Thread added: 0x00007f4e48027a60
Event: 840.838 Protecting memory [0x00007f4e3f500000,0x00007f4e3f504000] with protection modes 0
Event: 840.838 Thread 0x00007f4e480284b0 Thread added: 0x00007f4e480284b0
Event: 840.838 Protecting memory [0x00007f4e3f400000,0x00007f4e3f404000] with protection modes 0
Event: 840.838 Thread 0x00007f4e48028ff0 Thread added: 0x00007f4e48028ff0
Event: 840.838 Protecting memory [0x00007f4e80c00000,0x00007f4e80c04000] with protection modes 0
Event: 840.838 Thread 0x00007f4e4802cb40 Thread added: 0x00007f4e4802cb40
Event: 840.838 Protecting memory [0x00007f4eb8900000,0x00007f4eb8904000] with protection modes 0
Event: 840.838 Thread 0x00007f4e4802d480 Thread added: 0x00007f4e4802d480
Event: 840.838 Protecting memory [0x00007f4eb8500000,0x00007f4eb8504000] with protection modes 0
Event: 840.844 Thread 0x00007f4e4402e400 Thread exited: 0x00007f4e4402e400
Event: 840.844 Thread 0x00007f4e38002670 Thread exited: 0x00007f4e38002670
Event: 845.771 Thread 0x00007f4e5c1790a0 Thread exited: 0x00007f4e5c1790a0


Dynamic libraries:
a4400000-a7200000 rw-p 00000000 00:00 0 
a7200000-a8100000 ---p 00000000 00:00 0 
a8100000-a8300000 rw-p 00000000 00:00 0 
a8300000-a9f00000 ---p 00000000 00:00 0 
a9f00000-aa000000 rw-p 00000000 00:00 0 
aa000000-100000000 ---p 00000000 00:00 0 
100000000-100020000 rw-p 00000000 00:00 0 
100020000-100040000 rw-p 00000000 00:00 0 
100040000-1000c0000 rw-p 00000000 00:00 0 
1000c0000-100140000 rw-p 00000000 00:00 0 
100140000-100180000 rw-p 00000000 00:00 0 
100180000-100200000 rw-p 00000000 00:00 0 
100200000-1003c0000 rw-p 00000000 00:00 0 
1003c0000-100400000 rw-p 00000000 00:00 0 
100400000-1006e0000 rw-p 00000000 00:00 0 
1006e0000-1006f0000 rw-p 00000000 00:00 0 
1006f0000-100700000 ---p 00000000 00:00 0 
100700000-100710000 rw-p 00000000 00:00 0 
100710000-140000000 ---p 00000000 00:00 0 
5612e7a00000-5612e7a01000 r-xp 00000000 103:08 674495                    /home/meaculpa/eclipse/plugins/org.eclipse.justj.openjdk.hotspot.jre.full.linux.x86_64_17.0.2.v20220201-1208/jre/bin/java
5612e7c01000-5612e7c02000 r--p 00001000 103:08 674495                    /home/meaculpa/eclipse/plugins/org.eclipse.justj.openjdk.hotspot.jre.full.linux.x86_64_17.0.2.v20220201-1208/jre/bin/java
5612e7c02000-5612e7c03000 rw-p 00002000 103:08 674495                    /home/meaculpa/eclipse/plugins/org.eclipse.justj.openjdk.hotspot.jre.full.linux.x86_64_17.0.2.v20220201-1208/jre/bin/java
5612e8beb000-5612e8c0c000 rw-p 00000000 00:00 0                          [heap]
7f4e04000000-7f4e04021000 rw-p 00000000 00:00 0 
7f4e04021000-7f4e08000000 ---p 00000000 00:00 0 
7f4e08000000-7f4e08021000 rw-p 00000000 00:00 0 
7f4e08021000-7f4e0c000000 ---p 00000000 00:00 0 
7f4e0c000000-7f4e0c021000 rw-p 00000000 00:00 0 
7f4e0c021000-7f4e10000000 ---p 00000000 00:00 0 
7f4e10000000-7f4e10021000 rw-p 00000000 00:00 0 
7f4e10021000-7f4e14000000 ---p 00000000 00:00 0 
7f4e14000000-7f4e14021000 rw-p 00000000 00:00 0 
7f4e14021000-7f4e18000000 ---p 00000000 00:00 0 
7f4e18000000-7f4e18021000 rw-p 00000000 00:00 0 
7f4e18021000-7f4e1c000000 ---p 00000000 00:00 0 
7f4e1c000000-7f4e1c021000 rw-p 00000000 00:00 0 
7f4e1c021000-7f4e20000000 ---p 00000000 00:00 0 
7f4e20000000-7f4e20021000 rw-p 00000000 00:00 0 
7f4e20021000-7f4e24000000 ---p 00000000 00:00 0 
7f4e24000000-7f4e24021000 rw-p 00000000 00:00 0 
7f4e24021000-7f4e28000000 ---p 00000000 00:00 0 
7f4e28000000-7f4e28021000 rw-p 00000000 00:00 0 
7f4e28021000-7f4e2c000000 ---p 00000000 00:00 0 
7f4e2c000000-7f4e2c021000 rw-p 00000000 00:00 0 
7f4e2c021000-7f4e30000000 ---p 00000000 00:00 0 
7f4e30000000-7f4e3007c000 rw-p 00000000 00:00 0 
7f4e3007c000-7f4e34000000 ---p 00000000 00:00 0 
7f4e34000000-7f4e342a1000 rw-p 00000000 00:00 0 
7f4e342a1000-7f4e38000000 ---p 00000000 00:00 0 
7f4e38000000-7f4e38024000 rw-p 00000000 00:00 0 
7f4e38024000-7f4e3c000000 ---p 00000000 00:00 0 
7f4e3e96b000-7f4e3ed20000 rw-p 00000000 00:00 0 
7f4e3ed20000-7f4e3f400000 ---p 00000000 00:00 0 
7f4e3f400000-7f4e3f404000 ---p 00000000 00:00 0 
7f4e3f404000-7f4e3f500000 rw-p 00000000 00:00 0 
7f4e3f500000-7f4e3f504000 ---p 00000000 00:00 0 
7f4e3f504000-7f4e3f600000 rw-p 00000000 00:00 0 
7f4e3f600000-7f4e3f604000 ---p 00000000 00:00 0 
7f4e3f604000-7f4e3f700000 rw-p 00000000 00:00 0 
7f4e3f700000-7f4e3f704000 ---p 00000000 00:00 0 
7f4e3f704000-7f4e3f800000 rw-p 00000000 00:00 0 
7f4e3f800000-7f4e3f804000 ---p 00000000 00:00 0 
7f4e3f804000-7f4e3f900000 rw-p 00000000 00:00 0 
7f4e3f900000-7f4e3f904000 ---p 00000000 00:00 0 
7f4e3f904000-7f4e3fa00000 rw-p 00000000 00:00 0 
7f4e3fa00000-7f4e3fa04000 ---p 00000000 00:00 0 
7f4e3fa04000-7f4e3fb00000 rw-p 00000000 00:00 0 
7f4e3fb00000-7f4e3fb04000 ---p 00000000 00:00 0 
7f4e3fb04000-7f4e3fc00000 rw-p 00000000 00:00 0 
7f4e3fc00000-7f4e3fc02000 r-xp 00000000 103:08 674647                    /home/meaculpa/eclipse/plugins/org.eclipse.justj.openjdk.hotspot.jre.full.linux.x86_64_17.0.2.v20220201-1208/jre/lib/libextnet.so
7f4e3fc02000-7f4e3fe01000 ---p 00002000 103:08 674647                    /home/meaculpa/eclipse/plugins/org.eclipse.justj.openjdk.hotspot.jre.full.linux.x86_64_17.0.2.v20220201-1208/jre/lib/libextnet.so
7f4e3fe01000-7f4e3fe02000 r--p 00001000 103:08 674647                    /home/meaculpa/eclipse/plugins/org.eclipse.justj.openjdk.hotspot.jre.full.linux.x86_64_17.0.2.v20220201-1208/jre/lib/libextnet.so
7f4e3fe02000-7f4e3fe03000 rw-p 00002000 103:08 674647                    /home/meaculpa/eclipse/plugins/org.eclipse.justj.openjdk.hotspot.jre.full.linux.x86_64_17.0.2.v20220201-1208/jre/lib/libextnet.so
7f4e3ff00000-7f4e3ff04000 ---p 00000000 00:00 0 
7f4e3ff04000-7f4e40000000 rw-p 00000000 00:00 0 
7f4e40000000-7f4e40021000 rw-p 00000000 00:00 0 
7f4e40021000-7f4e44000000 ---p 00000000 00:00 0 
7f4e44000000-7f4e44032000 rw-p 00000000 00:00 0 
7f4e44032000-7f4e48000000 ---p 00000000 00:00 0 
7f4e48000000-7f4e48032000 rw-p 00000000 00:00 0 
7f4e48032000-7f4e4c000000 ---p 00000000 00:00 0 
7f4e4c000000-7f4e4c021000 rw-p 00000000 00:00 0 
7f4e4c021000-7f4e50000000 ---p 00000000 00:00 0 
7f4e50000000-7f4e50021000 rw-p 00000000 00:00 0 
7f4e50021000-7f4e54000000 ---p 00000000 00:00 0 
7f4e54000000-7f4e54021000 rw-p 00000000 00:00 0 
7f4e54021000-7f4e58000000 ---p 00000000 00:00 0 
7f4e58000000-7f4e58021000 rw-p 00000000 00:00 0 
7f4e58021000-7f4e5c000000 ---p 00000000 00:00 0 
7f4e5c000000-7f4e5c1b8000 rw-p 00000000 00:00 0 
7f4e5c1b8000-7f4e60000000 ---p 00000000 00:00 0 
7f4e60000000-7f4e60166000 rw-p 00000000 00:00 0 
7f4e60166000-7f4e64000000 ---p 00000000 00:00 0 
7f4e64000000-7f4e64021000 rw-p 00000000 00:00 0 
7f4e64021000-7f4e68000000 ---p 00000000 00:00 0 
7f4e68000000-7f4e68021000 rw-p 00000000 00:00 0 
7f4e68021000-7f4e6c000000 ---p 00000000 00:00 0 
7f4e6c000000-7f4e6c021000 rw-p 00000000 00:00 0 
7f4e6c021000-7f4e70000000 ---p 00000000 00:00 0 
7f4e70000000-7f4e70ed7000 rw-p 00000000 00:00 0 
7f4e70ed7000-7f4e74000000 ---p 00000000 00:00 0 
7f4e74000000-7f4e74030000 rw-p 00000000 00:00 0 
7f4e74030000-7f4e78000000 ---p 00000000 00:00 0 
7f4e78000000-7f4e78021000 rw-p 00000000 00:00 0 
7f4e78021000-7f4e7c000000 ---p 00000000 00:00 0 
7f4e7c000000-7f4e7c021000 rw-p 00000000 00:00 0 
7f4e7c021000-7f4e80000000 ---p 00000000 00:00 0 
7f4e80000000-7f4e80004000 ---p 00000000 00:00 0 
7f4e80004000-7f4e80100000 rw-p 00000000 00:00 0 
7f4e80100000-7f4e80104000 ---p 00000000 00:00 0 
7f4e80104000-7f4e80200000 rw-p 00000000 00:00 0 
7f4e80200000-7f4e80204000 ---p 00000000 00:00 0 
7f4e80204000-7f4e80300000 rw-p 00000000 00:00 0 
7f4e80300000-7f4e80304000 ---p 00000000 00:00 0 
7f4e80304000-7f4e80580000 rw-p 00000000 00:00 0 
7f4e80580000-7f4e80600000 rw-p 00000000 00:00 0 
7f4e80600000-7f4e80900000 rw-p 00000000 00:00 0 
7f4e80900000-7f4e809b0000 rw-p 00000000 00:00 0 
7f4e809b0000-7f4e80a00000 ---p 00000000 00:00 0 
7f4e80a00000-7f4e80c00000 rw-p 00000000 00:00 0 
7f4e80c00000-7f4e80c04000 ---p 00000000 00:00 0 
7f4e80c04000-7f4e80d00000 rw-p 00000000 00:00 0 
7f4e80d00000-7f4e80d04000 ---p 00000000 00:00 0 
7f4e80d04000-7f4e80e00000 rw-p 00000000 00:00 0 
7f4e80e00000-7f4e80e04000 ---p 00000000 00:00 0 
7f4e80e04000-7f4e80f00000 rw-p 00000000 00:00 0 
7f4e80f00000-7f4e80f04000 ---p 00000000 00:00 0 
7f4e80f04000-7f4e811c0000 rw-p 00000000 00:00 0 
7f4e811c0000-7f4e81200000 rw-p 00000000 00:00 0 
7f4e81200000-7f4e81800000 rw-p 00000000 00:00 0 
7f4e81800000-7f4e81c00000 rw-p 00000000 00:00 0 
7f4e81c00000-7f4e81d80000 rw-p 00000000 00:00 0 
7f4e81d80000-7f4e81e00000 rw-p 00000000 00:00 0 
7f4e81e00000-7f4e82000000 rw-p 00000000 00:00 0 
7f4e82000000-7f4e82780000 rw-p 00000000 00:00 0 
7f4e82780000-7f4e82800000 rw-p 00000000 00:00 0 
7f4e828f6000-7f4e828fa000 ---p 00000000 00:00 0 
7f4e828fa000-7f4e829f6000 rw-p 00000000 00:00 0 
7f4e829f6000-7f4e829f7000 ---p 00000000 00:00 0 
7f4e829f7000-7f4e82af8000 rw-p 00000000 00:00 0 
7f4e82af8000-7f4e82af9000 ---p 00000000 00:00 0 
7f4e82af9000-7f4e82bfa000 rw-p 00000000 00:00 0 
7f4e82bfa000-7f4e82bfe000 ---p 00000000 00:00 0 
7f4e82bfe000-7f4e82cfa000 rw-p 00000000 00:00 0 
7f4e82cfa000-7f4e82cfb000 ---p 00000000 00:00 0 
7f4e82cfb000-7f4e82dfc000 rw-p 00000000 00:00 0 
7f4e82dfc000-7f4e82dfd000 ---p 00000000 00:00 0 
7f4e82dfd000-7f4e82efe000 rw-p 00000000 00:00 0 
7f4e82efe000-7f4e82eff000 ---p 00000000 00:00 0 
7f4e82eff000-7f4e83000000 rw-p 00000000 00:00 0 
7f4e83000000-7f4e83005000 r-xp 00000000 103:08 674645                    /home/meaculpa/eclipse/plugins/org.eclipse.justj.openjdk.hotspot.jre.full.linux.x86_64_17.0.2.v20220201-1208/jre/lib/libmanagement_ext.so
7f4e83005000-7f4e83205000 ---p 00005000 103:08 674645                    /home/meaculpa/eclipse/plugins/org.eclipse.justj.openjdk.hotspot.jre.full.linux.x86_64_17.0.2.v20220201-1208/jre/lib/libmanagement_ext.so
7f4e83205000-7f4e83206000 r--p 00005000 103:08 674645                    /home/meaculpa/eclipse/plugins/org.eclipse.justj.openjdk.hotspot.jre.full.linux.x86_64_17.0.2.v20220201-1208/jre/lib/libmanagement_ext.so
7f4e83206000-7f4e83207000 rw-p 00006000 103:08 674645                    /home/meaculpa/eclipse/plugins/org.eclipse.justj.openjdk.hotspot.jre.full.linux.x86_64_17.0.2.v20220201-1208/jre/lib/libmanagement_ext.so
7f4e832fe000-7f4e832ff000 ---p 00000000 00:00 0 
7f4e832ff000-7f4e83400000 rw-p 00000000 00:00 0 
7f4e83400000-7f4e83404000 r-xp 00000000 103:08 674634                    /home/meaculpa/eclipse/plugins/org.eclipse.justj.openjdk.hotspot.jre.full.linux.x86_64_17.0.2.v20220201-1208/jre/lib/libmanagement.so
7f4e83404000-7f4e83603000 ---p 00004000 103:08 674634                    /home/meaculpa/eclipse/plugins/org.eclipse.justj.openjdk.hotspot.jre.full.linux.x86_64_17.0.2.v20220201-1208/jre/lib/libmanagement.so
7f4e83603000-7f4e83604000 r--p 00003000 103:08 674634                    /home/meaculpa/eclipse/plugins/org.eclipse.justj.openjdk.hotspot.jre.full.linux.x86_64_17.0.2.v20220201-1208/jre/lib/libmanagement.so
7f4e83604000-7f4e83605000 rw-p 00004000 103:08 674634                    /home/meaculpa/eclipse/plugins/org.eclipse.justj.openjdk.hotspot.jre.full.linux.x86_64_17.0.2.v20220201-1208/jre/lib/libmanagement.so
7f4e836fe000-7f4e836ff000 ---p 00000000 00:00 0 
7f4e836ff000-7f4e83900000 rw-p 00000000 00:00 0 
7f4e83900000-7f4e83a00000 rw-p 00000000 00:00 0 
7f4e83a00000-7f4e83ac0000 rw-p 00000000 00:00 0 
7f4e83ac0000-7f4e83b00000 rw-p 00000000 00:00 0 
7f4e83b00000-7f4e83d00000 rw-p 00000000 00:00 0 
7f4e83d00000-7f4e83f00000 rw-p 00000000 00:00 0 
7f4e83f00000-7f4e84000000 rw-p 00000000 00:00 0 
7f4e84000000-7f4e84021000 rw-p 00000000 00:00 0 
7f4e84021000-7f4e88000000 ---p 00000000 00:00 0 
7f4e88000000-7f4e88021000 rw-p 00000000 00:00 0 
7f4e88021000-7f4e8c000000 ---p 00000000 00:00 0 
7f4e8c000000-7f4e8c73e000 rw-p 00000000 00:00 0 
7f4e8c73e000-7f4e90000000 ---p 00000000 00:00 0 
7f4e90000000-7f4e90021000 rw-p 00000000 00:00 0 
7f4e90021000-7f4e94000000 ---p 00000000 00:00 0 
7f4e94000000-7f4e94021000 rw-p 00000000 00:00 0 
7f4e94021000-7f4e98000000 ---p 00000000 00:00 0 
7f4e98000000-7f4e998b6000 rw-p 00000000 00:00 0 
7f4e998b6000-7f4e9c000000 ---p 00000000 00:00 0 
7f4e9c000000-7f4e9c021000 rw-p 00000000 00:00 0 
7f4e9c021000-7f4ea0000000 ---p 00000000 00:00 0 
7f4ea0000000-7f4ea0021000 rw-p 00000000 00:00 0 
7f4ea0021000-7f4ea4000000 ---p 00000000 00:00 0 
7f4ea4000000-7f4ea4021000 rw-p 00000000 00:00 0 
7f4ea4021000-7f4ea8000000 ---p 00000000 00:00 0 
7f4ea8000000-7f4ea8021000 rw-p 00000000 00:00 0 
7f4ea8021000-7f4eac000000 ---p 00000000 00:00 0 
7f4eac000000-7f4eac021000 rw-p 00000000 00:00 0 
7f4eac021000-7f4eb0000000 ---p 00000000 00:00 0 
7f4eb0000000-7f4eb0c4a000 rw-p 00000000 00:00 0 
7f4eb0c4a000-7f4eb4000000 ---p 00000000 00:00 0 
7f4eb4000000-7f4eb4021000 rw-p 00000000 00:00 0 
7f4eb4021000-7f4eb8000000 ---p 00000000 00:00 0 
7f4eb80fe000-7f4eb80ff000 ---p 00000000 00:00 0 
7f4eb80ff000-7f4eb8200000 rw-p 00000000 00:00 0 
7f4eb8200000-7f4eb820d000 r-xp 00000000 103:08 674612                    /home/meaculpa/eclipse/plugins/org.eclipse.justj.openjdk.hotspot.jre.full.linux.x86_64_17.0.2.v20220201-1208/jre/lib/libverify.so
7f4eb820d000-7f4eb840c000 ---p 0000d000 103:08 674612                    /home/meaculpa/eclipse/plugins/org.eclipse.justj.openjdk.hotspot.jre.full.linux.x86_64_17.0.2.v20220201-1208/jre/lib/libverify.so
7f4eb840c000-7f4eb840e000 r--p 0000c000 103:08 674612                    /home/meaculpa/eclipse/plugins/org.eclipse.justj.openjdk.hotspot.jre.full.linux.x86_64_17.0.2.v20220201-1208/jre/lib/libverify.so
7f4eb840e000-7f4eb840f000 rw-p 0000e000 103:08 674612                    /home/meaculpa/eclipse/plugins/org.eclipse.justj.openjdk.hotspot.jre.full.linux.x86_64_17.0.2.v20220201-1208/jre/lib/libverify.so
7f4eb8500000-7f4eb8504000 ---p 00000000 00:00 0 
7f4eb8504000-7f4eb8600000 rw-p 00000000 00:00 0 
7f4eb8600000-7f4eb8615000 r-xp 00000000 103:08 674619                    /home/meaculpa/eclipse/plugins/org.eclipse.justj.openjdk.hotspot.jre.full.linux.x86_64_17.0.2.v20220201-1208/jre/lib/libnet.so
7f4eb8615000-7f4eb8814000 ---p 00015000 103:08 674619                    /home/meaculpa/eclipse/plugins/org.eclipse.justj.openjdk.hotspot.jre.full.linux.x86_64_17.0.2.v20220201-1208/jre/lib/libnet.so
7f4eb8814000-7f4eb8815000 r--p 00014000 103:08 674619                    /home/meaculpa/eclipse/plugins/org.eclipse.justj.openjdk.hotspot.jre.full.linux.x86_64_17.0.2.v20220201-1208/jre/lib/libnet.so
7f4eb8815000-7f4eb8816000 rw-p 00015000 103:08 674619                    /home/meaculpa/eclipse/plugins/org.eclipse.justj.openjdk.hotspot.jre.full.linux.x86_64_17.0.2.v20220201-1208/jre/lib/libnet.so
7f4eb8900000-7f4eb8904000 ---p 00000000 00:00 0 
7f4eb8904000-7f4eb8a00000 rw-p 00000000 00:00 0 
7f4eb8a00000-7f4eb8a12000 r-xp 00000000 103:08 674613                    /home/meaculpa/eclipse/plugins/org.eclipse.justj.openjdk.hotspot.jre.full.linux.x86_64_17.0.2.v20220201-1208/jre/lib/libnio.so
7f4eb8a12000-7f4eb8c11000 ---p 00012000 103:08 674613                    /home/meaculpa/eclipse/plugins/org.eclipse.justj.openjdk.hotspot.jre.full.linux.x86_64_17.0.2.v20220201-1208/jre/lib/libnio.so
7f4eb8c11000-7f4eb8c12000 r--p 00011000 103:08 674613                    /home/meaculpa/eclipse/plugins/org.eclipse.justj.openjdk.hotspot.jre.full.linux.x86_64_17.0.2.v20220201-1208/jre/lib/libnio.so
7f4eb8c12000-7f4eb8c13000 rw-p 00012000 103:08 674613                    /home/meaculpa/eclipse/plugins/org.eclipse.justj.openjdk.hotspot.jre.full.linux.x86_64_17.0.2.v20220201-1208/jre/lib/libnio.so
7f4eb8cf8000-7f4eb8cfc000 ---p 00000000 00:00 0 
7f4eb8cfc000-7f4eb8df8000 rw-p 00000000 00:00 0 
7f4eb8df8000-7f4eb8df9000 ---p 00000000 00:00 0 
7f4eb8df9000-7f4eb8efa000 rw-p 00000000 00:00 0 
7f4eb8efa000-7f4eb8efe000 ---p 00000000 00:00 0 
7f4eb8efe000-7f4eb8ffa000 rw-p 00000000 00:00 0 
7f4eb8ffa000-7f4eb8ffe000 ---p 00000000 00:00 0 
7f4eb8ffe000-7f4eb90fa000 rw-p 00000000 00:00 0 
7f4eb90fa000-7f4eba000000 r--p 00000000 103:07 923354                    /usr/lib/locale/locale-archive
7f4eba000000-7f4ebc000000 rw-p 00000000 00:00 0 
7f4ebc000000-7f4ebc021000 rw-p 00000000 00:00 0 
7f4ebc021000-7f4ec0000000 ---p 00000000 00:00 0 
7f4ec0000000-7f4ec0021000 rw-p 00000000 00:00 0 
7f4ec0021000-7f4ec4000000 ---p 00000000 00:00 0 
7f4ec4000000-7f4ec4021000 rw-p 00000000 00:00 0 
7f4ec4021000-7f4ec8000000 ---p 00000000 00:00 0 
7f4ec8000000-7f4ec8004000 ---p 00000000 00:00 0 
7f4ec8004000-7f4ec8100000 rw-p 00000000 00:00 0 
7f4ec8100000-7f4ec8104000 ---p 00000000 00:00 0 
7f4ec8104000-7f4ec8200000 rw-p 00000000 00:00 0 
7f4ec8200000-7f4ec8204000 ---p 00000000 00:00 0 
7f4ec8204000-7f4ec8300000 rw-p 00000000 00:00 0 
7f4ec8300000-7f4ec8304000 ---p 00000000 00:00 0 
7f4ec8304000-7f4ec8400000 rw-p 00000000 00:00 0 
7f4ec8400000-7f4ec8407000 r-xp 00000000 103:08 674608                    /home/meaculpa/eclipse/plugins/org.eclipse.justj.openjdk.hotspot.jre.full.linux.x86_64_17.0.2.v20220201-1208/jre/lib/libzip.so
7f4ec8407000-7f4ec8607000 ---p 00007000 103:08 674608                    /home/meaculpa/eclipse/plugins/org.eclipse.justj.openjdk.hotspot.jre.full.linux.x86_64_17.0.2.v20220201-1208/jre/lib/libzip.so
7f4ec8607000-7f4ec8608000 r--p 00007000 103:08 674608                    /home/meaculpa/eclipse/plugins/org.eclipse.justj.openjdk.hotspot.jre.full.linux.x86_64_17.0.2.v20220201-1208/jre/lib/libzip.so
7f4ec8608000-7f4ec8609000 rw-p 00008000 103:08 674608                    /home/meaculpa/eclipse/plugins/org.eclipse.justj.openjdk.hotspot.jre.full.linux.x86_64_17.0.2.v20220201-1208/jre/lib/libzip.so
7f4ec8700000-7f4ec8704000 ---p 00000000 00:00 0 
7f4ec8704000-7f4ec8c00000 rw-p 00000000 00:00 0 
7f4ec8c00000-7f4ec8c80000 rw-p 00000000 00:00 0 
7f4ec8c80000-7f4ec8d00000 rw-p 00000000 00:00 0 
7f4ec8d00000-7f4ec8f00000 rw-p 00000000 00:00 0 
7f4ec8f00000-7f4ec8f20000 rw-p 00000000 00:00 0 
7f4ec8f20000-7f4ec8f40000 rw-p 00000000 00:00 0 
7f4ec8f40000-7f4ec8f80000 rw-p 00000000 00:00 0 
7f4ec8f80000-7f4ec9000000 rw-p 00000000 00:00 0 
7f4ec9025000-7f4ec9029000 ---p 00000000 00:00 0 
7f4ec9029000-7f4ec9125000 rw-p 00000000 00:00 0 
7f4ec9125000-7f4ec9129000 ---p 00000000 00:00 0 
7f4ec9129000-7f4ec9225000 rw-p 00000000 00:00 0 
7f4ec9225000-7f4ec9226000 ---p 00000000 00:00 0 
7f4ec9226000-7f4ec9327000 rw-p 00000000 00:00 0 
7f4ec9327000-7f4ec9328000 ---p 00000000 00:00 0 
7f4ec9328000-7f4ec9429000 rw-p 00000000 00:00 0 
7f4ec9429000-7f4ec942a000 ---p 00000000 00:00 0 
7f4ec942a000-7f4ec9d33000 rw-p 00000000 00:00 0 
7f4ec9d33000-7f4ec9d34000 ---p 00000000 00:00 0 
7f4ec9d34000-7f4ec9e35000 rw-p 00000000 00:00 0 
7f4ec9e35000-7f4ec9e36000 ---p 00000000 00:00 0 
7f4ec9e36000-7f4ec9f37000 rw-p 00000000 00:00 0 
7f4ec9f37000-7f4ec9f38000 ---p 00000000 00:00 0 
7f4ec9f38000-7f4eca0f1000 rw-p 00000000 00:00 0 
7f4eca0f1000-7f4eca12d000 ---p 00000000 00:00 0 
7f4eca12d000-7f4eca135000 rw-p 00000000 00:00 0 
7f4eca135000-7f4eca1a5000 ---p 00000000 00:00 0 
7f4eca1a5000-7f4eca1a9000 rw-p 00000000 00:00 0 
7f4eca1a9000-7f4ecb729000 ---p 00000000 00:00 0 
7f4ecb729000-7f4ecb7e1000 rw-p 00000000 00:00 0 
7f4ecb7e1000-7f4ecb81d000 ---p 00000000 00:00 0 
7f4ecb81d000-7f4ecb825000 rw-p 00000000 00:00 0 
7f4ecb825000-7f4ecb895000 ---p 00000000 00:00 0 
7f4ecb895000-7f4ecb899000 rw-p 00000000 00:00 0 
7f4ecb899000-7f4ecce19000 ---p 00000000 00:00 0 
7f4ecce19000-7f4ecce30000 rw-p 00000000 00:00 0 
7f4ecce30000-7f4ecce37000 ---p 00000000 00:00 0 
7f4ecce37000-7f4ecce39000 rw-p 00000000 00:00 0 
7f4ecce39000-7f4ecce46000 ---p 00000000 00:00 0 
7f4ecce46000-7f4ecce47000 rw-p 00000000 00:00 0 
7f4ecce47000-7f4ecd0f7000 ---p 00000000 00:00 0 
7f4ecd0f7000-7f4ecd10e000 rw-p 00000000 00:00 0 
7f4ecd10e000-7f4ecd115000 ---p 00000000 00:00 0 
7f4ecd115000-7f4ecd117000 rw-p 00000000 00:00 0 
7f4ecd117000-7f4ecd124000 ---p 00000000 00:00 0 
7f4ecd124000-7f4ecd125000 rw-p 00000000 00:00 0 
7f4ecd125000-7f4ecd3d5000 ---p 00000000 00:00 0 
7f4ecd3d5000-7f4ecd3ec000 rw-p 00000000 00:00 0 
7f4ecd3ec000-7f4ecd3f3000 ---p 00000000 00:00 0 
7f4ecd3f3000-7f4ecd3f5000 rw-p 00000000 00:00 0 
7f4ecd3f5000-7f4ecd402000 ---p 00000000 00:00 0 
7f4ecd402000-7f4ecd403000 rw-p 00000000 00:00 0 
7f4ecd403000-7f4ecd6b3000 ---p 00000000 00:00 0 
7f4ecd6b3000-7f4ecd9b6000 rw-p 00000000 00:00 0 
7f4ecd9b6000-7f4ecdc26000 rwxp 00000000 00:00 0 
7f4ecdc26000-7f4ecdf48000 ---p 00000000 00:00 0 
7f4ecdf48000-7f4ece918000 rwxp 00000000 00:00 0 
7f4ece918000-7f4ed547f000 ---p 00000000 00:00 0 
7f4ed547f000-7f4ed56ef000 rwxp 00000000 00:00 0 
7f4ed56ef000-7f4edc9b6000 ---p 00000000 00:00 0 
7f4edc9b6000-7f4ee0000000 r--s 00000000 103:08 674607                    /home/meaculpa/eclipse/plugins/org.eclipse.justj.openjdk.hotspot.jre.full.linux.x86_64_17.0.2.v20220201-1208/jre/lib/modules
7f4ee0000000-7f4ee072f000 rw-p 00000000 00:00 0 
7f4ee072f000-7f4ee4000000 ---p 00000000 00:00 0 
7f4ee40ca000-7f4ee4600000 rw-p 00000000 00:00 0 
7f4ee4600000-7f4ee4624000 r-xp 00000000 103:08 674620                    /home/meaculpa/eclipse/plugins/org.eclipse.justj.openjdk.hotspot.jre.full.linux.x86_64_17.0.2.v20220201-1208/jre/lib/libjava.so
7f4ee4624000-7f4ee4824000 ---p 00024000 103:08 674620                    /home/meaculpa/eclipse/plugins/org.eclipse.justj.openjdk.hotspot.jre.full.linux.x86_64_17.0.2.v20220201-1208/jre/lib/libjava.so
7f4ee4824000-7f4ee4825000 r--p 00024000 103:08 674620                    /home/meaculpa/eclipse/plugins/org.eclipse.justj.openjdk.hotspot.jre.full.linux.x86_64_17.0.2.v20220201-1208/jre/lib/libjava.so
7f4ee4825000-7f4ee4826000 rw-p 00025000 103:08 674620                    /home/meaculpa/eclipse/plugins/org.eclipse.justj.openjdk.hotspot.jre.full.linux.x86_64_17.0.2.v20220201-1208/jre/lib/libjava.so
7f4ee4826000-7f4ee4827000 rw-p 00000000 00:00 0 
7f4ee482a000-7f4ee482f000 rw-p 00000000 00:00 0 
7f4ee482f000-7f4ee4915000 ---p 00000000 00:00 0 
7f4ee4915000-7f4ee4929000 rw-p 00000000 00:00 0 
7f4ee4929000-7f4ee4a00000 ---p 00000000 00:00 0 
7f4ee4a00000-7f4ee4a1b000 r-xp 00000000 103:08 674609                    /home/meaculpa/eclipse/plugins/org.eclipse.justj.openjdk.hotspot.jre.full.linux.x86_64_17.0.2.v20220201-1208/jre/lib/libjimage.so
7f4ee4a1b000-7f4ee4c1a000 ---p 0001b000 103:08 674609                    /home/meaculpa/eclipse/plugins/org.eclipse.justj.openjdk.hotspot.jre.full.linux.x86_64_17.0.2.v20220201-1208/jre/lib/libjimage.so
7f4ee4c1a000-7f4ee4c1c000 r--p 0001a000 103:08 674609                    /home/meaculpa/eclipse/plugins/org.eclipse.justj.openjdk.hotspot.jre.full.linux.x86_64_17.0.2.v20220201-1208/jre/lib/libjimage.so
7f4ee4c1c000-7f4ee4c1d000 rw-p 0001c000 103:08 674609                    /home/meaculpa/eclipse/plugins/org.eclipse.justj.openjdk.hotspot.jre.full.linux.x86_64_17.0.2.v20220201-1208/jre/lib/libjimage.so
7f4ee4c24000-7f4ee4d00000 rw-p 00000000 00:00 0 
7f4ee4d00000-7f4ee4d04000 ---p 00000000 00:00 0 
7f4ee4d04000-7f4ee4e00000 rw-p 00000000 00:00 0 
7f4ee4e00000-7f4ee60e4000 r-xp 00000000 103:08 796809                    /home/meaculpa/eclipse/plugins/org.eclipse.justj.openjdk.hotspot.jre.full.linux.x86_64_17.0.2.v20220201-1208/jre/lib/server/libjvm.so
7f4ee60e4000-7f4ee62e4000 ---p 012e4000 103:08 796809                    /home/meaculpa/eclipse/plugins/org.eclipse.justj.openjdk.hotspot.jre.full.linux.x86_64_17.0.2.v20220201-1208/jre/lib/server/libjvm.so
7f4ee62e4000-7f4ee639d000 r--p 012e4000 103:08 796809                    /home/meaculpa/eclipse/plugins/org.eclipse.justj.openjdk.hotspot.jre.full.linux.x86_64_17.0.2.v20220201-1208/jre/lib/server/libjvm.so
7f4ee639d000-7f4ee63d2000 rw-p 0139d000 103:08 796809                    /home/meaculpa/eclipse/plugins/org.eclipse.justj.openjdk.hotspot.jre.full.linux.x86_64_17.0.2.v20220201-1208/jre/lib/server/libjvm.so
7f4ee63d2000-7f4ee642b000 rw-p 00000000 00:00 0 
7f4ee6440000-7f4ee64e5000 rw-p 00000000 00:00 0 
7f4ee64e5000-7f4ee64ec000 ---p 00000000 00:00 0 
7f4ee64ec000-7f4ee64fa000 r--p 00000000 103:07 1318516                   /usr/lib/x86_64-linux-gnu/libm.so.6
7f4ee64fa000-7f4ee6576000 r-xp 0000e000 103:07 1318516                   /usr/lib/x86_64-linux-gnu/libm.so.6
7f4ee6576000-7f4ee65d1000 r--p 0008a000 103:07 1318516                   /usr/lib/x86_64-linux-gnu/libm.so.6
7f4ee65d1000-7f4ee65d2000 r--p 000e4000 103:07 1318516                   /usr/lib/x86_64-linux-gnu/libm.so.6
7f4ee65d2000-7f4ee65d3000 rw-p 000e5000 103:07 1318516                   /usr/lib/x86_64-linux-gnu/libm.so.6
7f4ee65d3000-7f4ee65d4000 r--p 00000000 103:07 1318928                   /usr/lib/x86_64-linux-gnu/librt.so.1
7f4ee65d4000-7f4ee65d5000 r-xp 00001000 103:07 1318928                   /usr/lib/x86_64-linux-gnu/librt.so.1
7f4ee65d5000-7f4ee65d6000 r--p 00002000 103:07 1318928                   /usr/lib/x86_64-linux-gnu/librt.so.1
7f4ee65d6000-7f4ee65d7000 r--p 00002000 103:07 1318928                   /usr/lib/x86_64-linux-gnu/librt.so.1
7f4ee65d7000-7f4ee65d8000 rw-p 00003000 103:07 1318928                   /usr/lib/x86_64-linux-gnu/librt.so.1
7f4ee65d8000-7f4ee6600000 r--p 00000000 103:07 1317780                   /usr/lib/x86_64-linux-gnu/libc.so.6
7f4ee6600000-7f4ee6795000 r-xp 00028000 103:07 1317780                   /usr/lib/x86_64-linux-gnu/libc.so.6
7f4ee6795000-7f4ee67ed000 r--p 001bd000 103:07 1317780                   /usr/lib/x86_64-linux-gnu/libc.so.6
7f4ee67ed000-7f4ee67f1000 r--p 00214000 103:07 1317780                   /usr/lib/x86_64-linux-gnu/libc.so.6
7f4ee67f1000-7f4ee67f3000 rw-p 00218000 103:07 1317780                   /usr/lib/x86_64-linux-gnu/libc.so.6
7f4ee67f3000-7f4ee6800000 rw-p 00000000 00:00 0 
7f4ee6800000-7f4ee680f000 r-xp 00000000 103:08 674616                    /home/meaculpa/eclipse/plugins/org.eclipse.justj.openjdk.hotspot.jre.full.linux.x86_64_17.0.2.v20220201-1208/jre/lib/libjli.so
7f4ee680f000-7f4ee6a0f000 ---p 0000f000 103:08 674616                    /home/meaculpa/eclipse/plugins/org.eclipse.justj.openjdk.hotspot.jre.full.linux.x86_64_17.0.2.v20220201-1208/jre/lib/libjli.so
7f4ee6a0f000-7f4ee6a10000 r--p 0000f000 103:08 674616                    /home/meaculpa/eclipse/plugins/org.eclipse.justj.openjdk.hotspot.jre.full.linux.x86_64_17.0.2.v20220201-1208/jre/lib/libjli.so
7f4ee6a10000-7f4ee6a11000 rw-p 00010000 103:08 674616                    /home/meaculpa/eclipse/plugins/org.eclipse.justj.openjdk.hotspot.jre.full.linux.x86_64_17.0.2.v20220201-1208/jre/lib/libjli.so
7f4ee6a15000-7f4ee6a19000 rw-p 00000000 00:00 0 
7f4ee6a19000-7f4ee6a1a000 r--p 00000000 103:07 1317933                   /usr/lib/x86_64-linux-gnu/libdl.so.2
7f4ee6a1a000-7f4ee6a1b000 r-xp 00001000 103:07 1317933                   /usr/lib/x86_64-linux-gnu/libdl.so.2
7f4ee6a1b000-7f4ee6a1c000 r--p 00002000 103:07 1317933                   /usr/lib/x86_64-linux-gnu/libdl.so.2
7f4ee6a1c000-7f4ee6a1d000 r--p 00002000 103:07 1317933                   /usr/lib/x86_64-linux-gnu/libdl.so.2
7f4ee6a1d000-7f4ee6a1e000 rw-p 00003000 103:07 1317933                   /usr/lib/x86_64-linux-gnu/libdl.so.2
7f4ee6a1e000-7f4ee6a1f000 r--p 00000000 103:07 1318877                   /usr/lib/x86_64-linux-gnu/libpthread.so.0
7f4ee6a1f000-7f4ee6a20000 r-xp 00001000 103:07 1318877                   /usr/lib/x86_64-linux-gnu/libpthread.so.0
7f4ee6a20000-7f4ee6a21000 r--p 00002000 103:07 1318877                   /usr/lib/x86_64-linux-gnu/libpthread.so.0
7f4ee6a21000-7f4ee6a22000 r--p 00002000 103:07 1318877                   /usr/lib/x86_64-linux-gnu/libpthread.so.0
7f4ee6a22000-7f4ee6a23000 rw-p 00003000 103:07 1318877                   /usr/lib/x86_64-linux-gnu/libpthread.so.0
7f4ee6a23000-7f4ee6a25000 r--p 00000000 103:07 1319321                   /usr/lib/x86_64-linux-gnu/libz.so.1.2.11
7f4ee6a25000-7f4ee6a36000 r-xp 00002000 103:07 1319321                   /usr/lib/x86_64-linux-gnu/libz.so.1.2.11
7f4ee6a36000-7f4ee6a3c000 r--p 00013000 103:07 1319321                   /usr/lib/x86_64-linux-gnu/libz.so.1.2.11
7f4ee6a3c000-7f4ee6a3d000 ---p 00019000 103:07 1319321                   /usr/lib/x86_64-linux-gnu/libz.so.1.2.11
7f4ee6a3d000-7f4ee6a3e000 r--p 00019000 103:07 1319321                   /usr/lib/x86_64-linux-gnu/libz.so.1.2.11
7f4ee6a3e000-7f4ee6a3f000 rw-p 0001a000 103:07 1319321                   /usr/lib/x86_64-linux-gnu/libz.so.1.2.11
7f4ee6a42000-7f4ee6a49000 r--s 00000000 103:07 1317237                   /usr/lib/x86_64-linux-gnu/gconv/gconv-modules.cache
7f4ee6a49000-7f4ee6a51000 rw-s 00000000 103:07 1984750                   /tmp/hsperfdata_meaculpa/31094
7f4ee6a51000-7f4ee6a52000 ---p 00000000 00:00 0 
7f4ee6a52000-7f4ee6a53000 r--p 00000000 00:00 0 
7f4ee6a53000-7f4ee6a55000 rw-p 00000000 00:00 0 
7f4ee6a55000-7f4ee6a57000 r--p 00000000 103:07 1317414                   /usr/lib/x86_64-linux-gnu/ld-linux-x86-64.so.2
7f4ee6a57000-7f4ee6a81000 r-xp 00002000 103:07 1317414                   /usr/lib/x86_64-linux-gnu/ld-linux-x86-64.so.2
7f4ee6a81000-7f4ee6a8c000 r--p 0002c000 103:07 1317414                   /usr/lib/x86_64-linux-gnu/ld-linux-x86-64.so.2
7f4ee6a8c000-7f4ee6a8d000 ---p 00000000 00:00 0 
7f4ee6a8d000-7f4ee6a8f000 r--p 00037000 103:07 1317414                   /usr/lib/x86_64-linux-gnu/ld-linux-x86-64.so.2
7f4ee6a8f000-7f4ee6a91000 rw-p 00039000 103:07 1317414                   /usr/lib/x86_64-linux-gnu/ld-linux-x86-64.so.2
7fff62670000-7fff62692000 rw-p 00000000 00:00 0                          [stack]
7fff627b7000-7fff627bb000 r--p 00000000 00:00 0                          [vvar]
7fff627bb000-7fff627bd000 r-xp 00000000 00:00 0                          [vdso]
ffffffffff600000-ffffffffff601000 --xp 00000000 00:00 0                  [vsyscall]


VM Arguments:
jvm_args: -Dfile.encoding=UTF-8 -XX:+ShowCodeDetailsInExceptionMessages 
java_command: com.project.rest.webservices.restfulwebservices.RestfulWebServicesApplication
java_class_path (initial): /home/meaculpa/prog/java/java_project/restful-web-services/target/classes:/home/meaculpa/.m2/repository/org/springframework/boot/spring-boot-starter-data-jpa/2.6.7/spring-boot-starter-data-jpa-2.6.7.jar:/home/meaculpa/.m2/repository/org/springframework/boot/spring-boot-starter-aop/2.6.7/spring-boot-starter-aop-2.6.7.jar:/home/meaculpa/.m2/repository/org/springframework/spring-aop/5.3.19/spring-aop-5.3.19.jar:/home/meaculpa/.m2/repository/org/aspectj/aspectjweaver/1.9.7/aspectjweaver-1.9.7.jar:/home/meaculpa/.m2/repository/org/springframework/boot/spring-boot-starter-jdbc/2.6.7/spring-boot-starter-jdbc-2.6.7.jar:/home/meaculpa/.m2/repository/com/zaxxer/HikariCP/4.0.3/HikariCP-4.0.3.jar:/home/meaculpa/.m2/repository/org/springframework/spring-jdbc/5.3.19/spring-jdbc-5.3.19.jar:/home/meaculpa/.m2/repository/jakarta/transaction/jakarta.transaction-api/1.3.3/jakarta.transaction-api-1.3.3.jar:/home/meaculpa/.m2/repository/jakarta/persistence/jakarta.persistence-api/2.2.3/jakarta.persistence-api-2.2.3.jar:/home/meaculpa/.m2/repository/org/hibernate/hibernate-core/5.6.8.Final/hibernate-core-5.6.8.Final.jar:/home/meaculpa/.m2/repository/org/jboss/logging/jboss-logging/3.4.3.Final/jboss-logging-3.4.3.Final.jar:/home/meaculpa/.m2/repository/net/bytebuddy/byte-buddy/1.11.22/byte-buddy-1.11.22.jar:/home/meaculpa/.m2/repository/antlr/antlr/2.7.7/antlr-2.7.7.jar:/home/meaculpa/.m2/repository/org/jboss/jandex/2.4.2.Final/jandex-2.4.2.Final.jar:/home/meaculpa/.m2/repository/com/fasterxml/classmate/1.5.1/classmate-1.5.1.jar:/home/meaculpa/.m2/repository/org/hibernate/common/hibernate-commons-annotations/5.1.2.Final/hibernate-commons-annotations-5.1.2.Final.jar:/home/meaculpa/.m2/repository/org/glassfish/jaxb/jaxb-runtime/2.3.6/jaxb-runtime-2.3.6.jar:/home/meaculpa/.m2/repository/org/glassfish/jaxb/txw2/2.3.6/txw2-2.3.6.jar:/home/meaculpa/.m2/repository/com/sun/istack/istack-commons-runtime/3.0.12/istack-commons-runtime-3.0.12.jar:/home/meaculpa/.m2/reposi
Launcher Type: SUN_STANDARD

[Global flags]
     intx CICompilerCount                          = 4                                         {product} {ergonomic}
     uint ConcGCThreads                            = 2                                         {product} {ergonomic}
     uint G1ConcRefinementThreads                  = 8                                         {product} {ergonomic}
   size_t G1HeapRegionSize                         = 1048576                                   {product} {ergonomic}
    uintx GCDrainStackTargetSize                   = 64                                        {product} {ergonomic}
   size_t InitialHeapSize                          = 96468992                                  {product} {ergonomic}
   size_t MarkStackSize                            = 4194304                                   {product} {ergonomic}
   size_t MaxHeapSize                              = 1539309568                                {product} {ergonomic}
   size_t MaxNewSize                               = 922746880                                 {product} {ergonomic}
   size_t MinHeapDeltaBytes                        = 1048576                                   {product} {ergonomic}
   size_t MinHeapSize                              = 8388608                                   {product} {ergonomic}
    uintx NonNMethodCodeHeapSize                   = 5839372                                {pd product} {ergonomic}
    uintx NonProfiledCodeHeapSize                  = 122909434                              {pd product} {ergonomic}
    uintx ProfiledCodeHeapSize                     = 122909434                              {pd product} {ergonomic}
    uintx ReservedCodeCacheSize                    = 251658240                              {pd product} {ergonomic}
     bool SegmentedCodeCache                       = true                                      {product} {ergonomic}
     bool ShowCodeDetailsInExceptionMessages       = true                                   {manageable} {command line}
   size_t SoftMaxHeapSize                          = 1539309568                             {manageable} {ergonomic}
     bool UseCompressedClassPointers               = true                           {product lp64_product} {ergonomic}
     bool UseCompressedOops                        = true                           {product lp64_product} {ergonomic}
     bool UseG1GC                                  = true                                      {product} {ergonomic}

Logging:
Log output configuration:
 #0: stdout all=warning uptime,level,tags
 #1: stderr all=off uptime,level,tags

Environment Variables:
PATH=/home/meaculpa/.local/bin:/usr/local/sbin:/usr/local/bin:/usr/sbin:/usr/bin:/sbin:/bin:/usr/games:/usr/local/games:/snap/bin
USERNAME=meaculpa
SHELL=/bin/bash
DISPLAY=:1
LANG=en_US.UTF-8

Signal Handlers:
   SIGSEGV: crash_handler in libjvm.so, mask=11100100010111111101111111111110, flags=SA_RESTART|SA_SIGINFO
    SIGBUS: crash_handler in libjvm.so, mask=11100100010111111101111111111110, flags=SA_RESTART|SA_SIGINFO
    SIGFPE: crash_handler in libjvm.so, mask=11100100010111111101111111111110, flags=SA_RESTART|SA_SIGINFO
   SIGPIPE: javaSignalHandler in libjvm.so, mask=11100100010111111101111111111110, flags=SA_RESTART|SA_SIGINFO
   SIGXFSZ: javaSignalHandler in libjvm.so, mask=11100100010111111101111111111110, flags=SA_RESTART|SA_SIGINFO
    SIGILL: crash_handler in libjvm.so, mask=11100100010111111101111111111110, flags=SA_RESTART|SA_SIGINFO
   SIGUSR2: SR_handler in libjvm.so, mask=00100000000000000000000000000000, flags=SA_RESTART|SA_SIGINFO
    SIGHUP: UserHandler in libjvm.so, mask=11100100010111111101111111111110, flags=SA_RESTART|SA_SIGINFO
    SIGINT: UserHandler in libjvm.so, mask=11100100010111111101111111111110, flags=SA_RESTART|SA_SIGINFO
   SIGTERM: UserHandler in libjvm.so, mask=11100100010111111101111111111110, flags=SA_RESTART|SA_SIGINFO
   SIGQUIT: UserHandler in libjvm.so, mask=11100100010111111101111111111110, flags=SA_RESTART|SA_SIGINFO
   SIGTRAP: crash_handler in libjvm.so, mask=11100100010111111101111111111110, flags=SA_RESTART|SA_SIGINFO


---------------  S Y S T E M  ---------------

OS:
DISTRIB_ID=Pop
DISTRIB_RELEASE=22.04
DISTRIB_CODENAME=jammy
DISTRIB_DESCRIPTION="Pop!_OS 22.04 LTS"
uname: Linux 5.16.19-76051619-generic #202204081339~1649696161~22.04~091f44b SMP PREEMPT Mon Apr 11 17 x86_64
OS uptime: 0 days 7:48 hours
libc: glibc 2.35 NPTL 2.35 
rlimit (soft/hard): STACK 8192k/infinity , CORE 0k/infinity , NPROC 22752/22752 , NOFILE 1048576/1048576 , AS infinity/infinity , CPU infinity/infinity , DATA infinity/infinity , FSIZE infinity/infinity , MEMLOCK 751244k/751244k
load average: 0.90 1.00 0.96

/proc/meminfo:
MemTotal:        6009980 kB
MemFree:          138520 kB
MemAvailable:     653164 kB
Buffers:           29488 kB
Cached:           676980 kB
SwapCached:       267128 kB
Active:          1932496 kB
Inactive:        2188188 kB
Active(anon):    1548496 kB
Inactive(anon):  1901188 kB
Active(file):     384000 kB
Inactive(file):   287000 kB
Unevictable:         168 kB
Mlocked:             168 kB
SwapTotal:       4206984 kB
SwapFree:         113536 kB
Dirty:               464 kB
Writeback:             0 kB
AnonPages:       3149356 kB
Mapped:           625712 kB
Shmem:             35384 kB
KReclaimable:     112360 kB
Slab:             300016 kB
SReclaimable:     112360 kB
SUnreclaim:       187656 kB
KernelStack:       23184 kB
PageTables:        74372 kB
NFS_Unstable:          0 kB
Bounce:                0 kB
WritebackTmp:          0 kB
CommitLimit:     7211972 kB
Committed_AS:   19913540 kB
VmallocTotal:   34359738367 kB
VmallocUsed:      139672 kB
VmallocChunk:          0 kB
Percpu:            16512 kB
HardwareCorrupted:     0 kB
AnonHugePages:         0 kB
ShmemHugePages:        0 kB
ShmemPmdMapped:        0 kB
FileHugePages:         0 kB
FilePmdMapped:         0 kB
HugePages_Total:       0
HugePages_Free:        0
HugePages_Rsvd:        0
HugePages_Surp:        0
Hugepagesize:       2048 kB
Hugetlb:               0 kB
DirectMap4k:      920048 kB
DirectMap2M:     5242880 kB
DirectMap1G:           0 kB

/sys/kernel/mm/transparent_hugepage/enabled: always [madvise] never
/sys/kernel/mm/transparent_hugepage/defrag (defrag/compaction efforts parameter): always defer defer+madvise [madvise] never

Process Memory:
Virtual Size: 6213396K (peak: 6213396K)
Resident Set Size: 39360K (peak: 209796K) (anon: 31652K, file: 7708K, shmem: 0K)
Swapped out: 158264K
C-Heap outstanding allocations: 28581K

/proc/sys/kernel/threads-max (system-wide limit on the number of threads): 45504
/proc/sys/vm/max_map_count (maximum number of memory map areas a process may have): 65530
/proc/sys/kernel/pid_max (system-wide limit on number of process identifiers): 4194304

container (cgroup) information:
container_type: cgroupv2
cpu_cpuset_cpus: not supported
cpu_memory_nodes: not supported
active_processor_count: 8
cpu_quota: not supported
cpu_period: not supported
cpu_shares: not supported
memory_limit_in_bytes: unlimited
memory_and_swap_limit_in_bytes: unlimited
memory_soft_limit_in_bytes: unlimited
memory_usage_in_bytes: 1552048128
memory_max_usage_in_bytes: not supported

Steal ticks since vm start: 0
Steal ticks percentage since vm start:  0.000

CPU: total 8 (initial active 8) (8 cores per cpu, 2 threads per core) family 23 model 24 stepping 1 microcode 0x8108109, cx8, cmov, fxsr, ht, mmx, 3dnowpref, sse, sse2, sse3, ssse3, sse4a, sse4.1, sse4.2, popcnt, lzcnt, tsc, tscinvbit, avx, avx2, aes, clmul, bmi1, bmi2, adx, sha, fma, vzeroupper, clflush, clflushopt
CPU Model and flags from /proc/cpuinfo:
model name	: AMD Ryzen 5 3550H with Radeon Vega Mobile Gfx
flags		: fpu vme de pse tsc msr pae mce cx8 apic sep mtrr pge mca cmov pat pse36 clflush mmx fxsr sse sse2 ht syscall nx mmxext fxsr_opt pdpe1gb rdtscp lm constant_tsc rep_good nopl nonstop_tsc cpuid extd_apicid aperfmperf rapl pni pclmulqdq monitor ssse3 fma cx16 sse4_1 sse4_2 movbe popcnt aes xsave avx f16c rdrand lahf_lm cmp_legacy svm extapic cr8_legacy abm sse4a misalignsse 3dnowprefetch osvw skinit wdt tce topoext perfctr_core perfctr_nb bpext perfctr_llc mwaitx cpb hw_pstate ssbd ibpb vmmcall fsgsbase bmi1 avx2 smep bmi2 rdseed adx smap clflushopt sha_ni xsaveopt xsavec xgetbv1 xsaves clzero irperf xsaveerptr arat npt lbrv svm_lock nrip_save tsc_scale vmcb_clean flushbyasid decodeassists pausefilter pfthreshold avic v_vmsave_vmload vgif overflow_recov succor smca sme sev sev_es

Online cpus: 0-7
Offline cpus: 8-15
BIOS frequency limitation: 2100000
Frequency switch latency (ns): 0
Available cpu frequencies: 2100000 1700000 1400000 
Current governor: schedutil
Core performance/turbo boost: 1

Memory: 4k page, physical 6009980k(137256k free), swap 4206984k(116096k free)
Page Sizes: 4k

vm_info: OpenJDK 64-Bit Server VM (17.0.2+8) for linux-amd64 JRE (17.0.2+8), built on Jan 20 2022 09:56:58 by "" with gcc 7.5.0

END.
